#-----------------------------------------------------------
# Vivado v2017.2 (64-bit)
# SW Build 1909853 on Thu Jun 15 18:39:09 MDT 2017
# IP Build 1909766 on Thu Jun 15 19:58:00 MDT 2017
# Start of session at: Mon Dec  5 11:53:57 2022
# Process ID: 2116
# Current directory: C:/Users/mathi/Desktop/Kandidat/Embedded/Project/cannyProjectFolder - GIT/CannyProject/cannyprojectSD
# Command line: vivado.exe -gui_launcher_event rodinguilauncherevent22172 C:\Users\mathi\Desktop\Kandidat\Embedded\Project\cannyProjectFolder - GIT\CannyProject\cannyprojectSD\cannyproject.xpr
# Log file: C:/Users/mathi/Desktop/Kandidat/Embedded/Project/cannyProjectFolder - GIT/CannyProject/cannyprojectSD/vivado.log
# Journal file: C:/Users/mathi/Desktop/Kandidat/Embedded/Project/cannyProjectFolder - GIT/CannyProject/cannyprojectSD\vivado.jou
#-----------------------------------------------------------
start_gui
open_project {C:/Users/mathi/Desktop/Kandidat/Embedded/Project/cannyProjectFolder - GIT/CannyProject/cannyprojectSD/cannyproject.xpr}
INFO: [ProjectBase 1-489] The host OS only allows 260 characters in a normal path. The project is stored in a path with more than 80 characters. If you experience issues with IP, Block Designs, or files not being found, please consider moving the project to a location with a shorter path. Alternately consider using the OS subst command to map part of the path to a drive letter.
Current project path is 'C:/Users/mathi/Desktop/Kandidat/Embedded/Project/cannyProjectFolder - GIT/CannyProject/cannyprojectSD'
INFO: [Project 1-313] Project file moved from 'C:/Users/mathi/Desktop/Kandidat/Embedded/Project/cannyProjectFolder/cannyproject' since last save.
WARNING: [Project 1-312] File not found as 'C:/Users/mathi/Desktop/Kandidat/Embedded/Project/Assignment_2/EmbeddedSystem_labs/lab4/lab4.srcs/sources_1/bd/system/system_ooc.xdc'; using path 'C:/Users/mathi/Desktop/Kandidat/Embedded/Assignment_2/EmbeddedSystem_labs/lab4/lab4.srcs/sources_1/bd/system/system_ooc.xdc' instead.
Scanning sources...
Finished scanning sources
WARNING: [Project 1-312] File not found as 'C:/Users/mathi/Desktop/Kandidat/Embedded/Project/Assignment_2/EmbeddedSystem_labs/lab4/lab4.srcs/sources_1/bd/system/system_ooc.xdc'; using path 'C:/Users/mathi/Desktop/Kandidat/Embedded/Assignment_2/EmbeddedSystem_labs/lab4/lab4.srcs/sources_1/bd/system/system_ooc.xdc' instead.
WARNING: [Project 1-312] File not found as 'C:/Users/mathi/Desktop/Kandidat/Embedded/Project/Assignment_2/EmbeddedSystem_labs/lab4/lab4.srcs/sources_1/bd/system/system_ooc.xdc'; using path 'C:/Users/mathi/Desktop/Kandidat/Embedded/Assignment_2/EmbeddedSystem_labs/lab4/lab4.srcs/sources_1/bd/system/system_ooc.xdc' instead.
INFO: [filemgmt 56-1] IP Repository Path: Directory not found as 'C:/Users/mathi/Desktop/Kandidat/Embedded/Project/cannyProjectFolder - GIT/testings/TestPorject'; using path 'C:/Users/mathi/Desktop/Kandidat/Embedded/Project/testings/TestPorject' instead.
INFO: [IP_Flow 19-234] Refreshing IP repositories
INFO: [IP_Flow 19-1700] Loaded user IP repository 'c:/Users/mathi/Desktop/Kandidat/Embedded/Project/testings/TestPorject'.
INFO: [IP_Flow 19-2313] Loaded Vivado IP repository 'D:/Uni/VIVADO/Vivado/2017.2/data/ip'.
WARNING: [IP_Flow 19-3664] IP 'design_1_auto_pc_0' generated file not found 'c:/Users/mathi/Desktop/Kandidat/Embedded/Project/cannyProjectFolder - GIT/CannyProject/cannyprojectSD/cannyproject.srcs/sources_1/bd/design_1/ip/design_1_auto_pc_0/stats.txt'. Please regenerate to continue.
WARNING: [BD 41-1661] One or more IPs have been locked in the design 'design_1.bd'. Please run report_ip_status for more details and recommendations on how to fix this issue.
List of locked IPs:
design_1_testFlow_0_0

open_project: Time (s): cpu = 00:00:23 ; elapsed = 00:00:11 . Memory (MB): peak = 822.281 ; gain = 42.004
update_compile_order -fileset sources_1
open_bd_design {C:/Users/mathi/Desktop/Kandidat/Embedded/Project/cannyProjectFolder - GIT/CannyProject/cannyprojectSD/cannyproject.srcs/sources_1/bd/design_1/design_1.bd}
Adding cell -- xilinx.com:ip:processing_system7:5.5 - processing_system7_0
Adding cell -- xilinx.com:ip:proc_sys_reset:5.0 - rst_ps7_0_100M
Adding cell -- xilinx.com:hls:testFlow:1.11 - testFlow_0
Adding cell -- xilinx.com:ip:axi_protocol_converter:2.1 - auto_pc
Successfully read diagram <design_1> from BD file <C:/Users/mathi/Desktop/Kandidat/Embedded/Project/cannyProjectFolder - GIT/CannyProject/cannyprojectSD/cannyproject.srcs/sources_1/bd/design_1/design_1.bd>
open_bd_design: Time (s): cpu = 00:00:09 ; elapsed = 00:00:08 . Memory (MB): peak = 871.043 ; gain = 35.500
delete_bd_objs [get_bd_intf_nets ps7_0_axi_periph_M00_AXI] [get_bd_cells testFlow_0]
update_ip_catalog -rebuild
INFO: [IP_Flow 19-234] Refreshing IP repositories
INFO: [IP_Flow 19-1700] Loaded user IP repository 'c:/Users/mathi/Desktop/Kandidat/Embedded/Project/testings/TestPorject'.
startgroup
create_bd_cell -type ip -vlnv xilinx.com:hls:greyScale:1.1 greyScale_0
endgroup
set_property location {3.5 1216 138} [get_bd_cells greyScale_0]
apply_bd_automation -rule xilinx.com:bd_rule:axi4 -config {Master "/processing_system7_0/M_AXI_GP0" intc_ip "/ps7_0_axi_periph" Clk_xbar "Auto" Clk_master "Auto" Clk_slave "Auto" }  [get_bd_intf_pins greyScale_0/s_axi_AXILiteS]
</greyScale_0/s_axi_AXILiteS/Reg> is being mapped into </processing_system7_0/Data> at <0x43C00000 [ 64K ]>
save_bd_design
Wrote  : <C:/Users/mathi/Desktop/Kandidat/Embedded/Project/cannyProjectFolder - GIT/CannyProject/cannyprojectSD/cannyproject.srcs/sources_1/bd/design_1/design_1.bd> 
Wrote  : <C:/Users/mathi/Desktop/Kandidat/Embedded/Project/cannyProjectFolder - GIT/CannyProject/cannyprojectSD/cannyproject.srcs/sources_1/bd/design_1/ui/bd_1f5defd0.ui> 
reset_run synth_1
launch_runs synth_1 -jobs 6
Wrote  : <C:/Users/mathi/Desktop/Kandidat/Embedded/Project/cannyProjectFolder - GIT/CannyProject/cannyprojectSD/cannyproject.srcs/sources_1/bd/design_1/design_1.bd> 
VHDL Output written to : C:/Users/mathi/Desktop/Kandidat/Embedded/Project/cannyProjectFolder - GIT/CannyProject/cannyprojectSD/cannyproject.srcs/sources_1/bd/design_1/hdl/design_1.vhd
VHDL Output written to : C:/Users/mathi/Desktop/Kandidat/Embedded/Project/cannyProjectFolder - GIT/CannyProject/cannyprojectSD/cannyproject.srcs/sources_1/bd/design_1/hdl/design_1_wrapper.vhd
INFO: [BD 41-1029] Generation completed for the IP Integrator block processing_system7_0 .
INFO: [BD 41-1029] Generation completed for the IP Integrator block rst_ps7_0_100M .
INFO: [BD 41-1029] Generation completed for the IP Integrator block greyScale_0 .
WARNING: [IP_Flow 19-4994] Overwriting existing constraint file 'c:/Users/mathi/Desktop/Kandidat/Embedded/Project/cannyProjectFolder - GIT/CannyProject/cannyprojectSD/cannyproject.srcs/sources_1/bd/design_1/ip/design_1_auto_pc_0/design_1_auto_pc_0_ooc.xdc'
INFO: [BD 41-1029] Generation completed for the IP Integrator block ps7_0_axi_periph/s00_couplers/auto_pc .
Exporting to file C:/Users/mathi/Desktop/Kandidat/Embedded/Project/cannyProjectFolder - GIT/CannyProject/cannyprojectSD/cannyproject.srcs/sources_1/bd/design_1/hw_handoff/design_1.hwh
Generated Block Design Tcl file C:/Users/mathi/Desktop/Kandidat/Embedded/Project/cannyProjectFolder - GIT/CannyProject/cannyprojectSD/cannyproject.srcs/sources_1/bd/design_1/hw_handoff/design_1_bd.tcl
Generated Hardware Definition File C:/Users/mathi/Desktop/Kandidat/Embedded/Project/cannyProjectFolder - GIT/CannyProject/cannyprojectSD/cannyproject.srcs/sources_1/bd/design_1/hdl/design_1.hwdef
INFO: [IP_Flow 19-4993] Using cached IP synthesis design for IP design_1_auto_pc_0, cache-ID = 0d01a83af7bf1b76; cache size = 7.096 MB.
[Mon Dec  5 11:55:44 2022] Launched design_1_greyScale_0_0_synth_1...
Run output will be captured here: C:/Users/mathi/Desktop/Kandidat/Embedded/Project/cannyProjectFolder - GIT/CannyProject/cannyprojectSD/cannyproject.runs/design_1_greyScale_0_0_synth_1/runme.log
[Mon Dec  5 11:55:44 2022] Launched synth_1...
Run output will be captured here: C:/Users/mathi/Desktop/Kandidat/Embedded/Project/cannyProjectFolder - GIT/CannyProject/cannyprojectSD/cannyproject.runs/synth_1/runme.log
launch_runs: Time (s): cpu = 00:00:10 ; elapsed = 00:00:08 . Memory (MB): peak = 999.730 ; gain = 11.691
launch_runs impl_1 -to_step write_bitstream -jobs 6
[Mon Dec  5 11:58:25 2022] Launched impl_1...
Run output will be captured here: C:/Users/mathi/Desktop/Kandidat/Embedded/Project/cannyProjectFolder - GIT/CannyProject/cannyprojectSD/cannyproject.runs/impl_1/runme.log
file mkdir {C:/Users/mathi/Desktop/Kandidat/Embedded/Project/cannyProjectFolder - GIT/CannyProject/cannyprojectSD/cannyproject.sdk}
file copy -force {C:/Users/mathi/Desktop/Kandidat/Embedded/Project/cannyProjectFolder - GIT/CannyProject/cannyprojectSD/cannyproject.runs/impl_1/design_1_wrapper.sysdef} {C:/Users/mathi/Desktop/Kandidat/Embedded/Project/cannyProjectFolder - GIT/CannyProject/cannyprojectSD/cannyproject.sdk/design_1_wrapper.hdf}

file copy -force {C:/Users/mathi/Desktop/Kandidat/Embedded/Project/cannyProjectFolder - GIT/CannyProject/cannyprojectSD/cannyproject.runs/impl_1/design_1_wrapper.sysdef} {C:/Users/mathi/Desktop/Kandidat/Embedded/Project/cannyProjectFolder - GIT/CannyProject/cannyprojectSD/cannyproject.sdk/design_1_wrapper.hdf}

launch_sdk -workspace {C:/Users/mathi/Desktop/Kandidat/Embedded/Project/cannyProjectFolder - GIT/CannyProject/cannyprojectSD/cannyproject.sdk} -hwspec {C:/Users/mathi/Desktop/Kandidat/Embedded/Project/cannyProjectFolder - GIT/CannyProject/cannyprojectSD/cannyproject.sdk/design_1_wrapper.hdf}
INFO: [Vivado 12-393] Launching SDK...
INFO: [Vivado 12-417] Running xsdk -workspace C:/Users/mathi/Desktop/Kandidat/Embedded/Project/cannyProjectFolder - GIT/CannyProject/cannyprojectSD/cannyproject.sdk -hwspec C:/Users/mathi/Desktop/Kandidat/Embedded/Project/cannyProjectFolder - GIT/CannyProject/cannyprojectSD/cannyproject.sdk/design_1_wrapper.hdf
INFO: [Vivado 12-3157] SDK launch initiated. Please check console for any further messages.
file copy -force {C:/Users/mathi/Desktop/Kandidat/Embedded/Project/cannyProjectFolder - GIT/CannyProject/cannyprojectSD/cannyproject.runs/impl_1/design_1_wrapper.sysdef} {C:/Users/mathi/Desktop/Kandidat/Embedded/Project/cannyProjectFolder - GIT/CannyProject/cannyprojectSD/cannyproject.sdk/design_1_wrapper.hdf}

launch_sdk -workspace {C:/Users/mathi/Desktop/Kandidat/Embedded/Project/cannyProjectFolder - GIT/CannyProject/cannyprojectSD/cannyproject.sdk} -hwspec {C:/Users/mathi/Desktop/Kandidat/Embedded/Project/cannyProjectFolder - GIT/CannyProject/cannyprojectSD/cannyproject.sdk/design_1_wrapper.hdf}
INFO: [Vivado 12-393] Launching SDK...
INFO: [Vivado 12-417] Running xsdk -workspace C:/Users/mathi/Desktop/Kandidat/Embedded/Project/cannyProjectFolder - GIT/CannyProject/cannyprojectSD/cannyproject.sdk -hwspec C:/Users/mathi/Desktop/Kandidat/Embedded/Project/cannyProjectFolder - GIT/CannyProject/cannyprojectSD/cannyproject.sdk/design_1_wrapper.hdf
INFO: [Vivado 12-3157] SDK launch initiated. Please check console for any further messages.
file copy -force {C:/Users/mathi/Desktop/Kandidat/Embedded/Project/cannyProjectFolder - GIT/CannyProject/cannyprojectSD/cannyproject.runs/impl_1/design_1_wrapper.sysdef} {C:/Users/mathi/Desktop/Kandidat/Embedded/Project/cannyProjectFolder - GIT/CannyProject/cannyprojectSD/cannyproject.sdk/design_1_wrapper.hdf}

launch_sdk -workspace {C:/Users/mathi/Desktop/Kandidat/Embedded/Project/cannyProjectFolder - GIT/CannyProject/cannyprojectSD/cannyproject.sdk} -hwspec {C:/Users/mathi/Desktop/Kandidat/Embedded/Project/cannyProjectFolder - GIT/CannyProject/cannyprojectSD/cannyproject.sdk/design_1_wrapper.hdf}
INFO: [Vivado 12-393] Launching SDK...
INFO: [Vivado 12-417] Running xsdk -workspace C:/Users/mathi/Desktop/Kandidat/Embedded/Project/cannyProjectFolder - GIT/CannyProject/cannyprojectSD/cannyproject.sdk -hwspec C:/Users/mathi/Desktop/Kandidat/Embedded/Project/cannyProjectFolder - GIT/CannyProject/cannyprojectSD/cannyproject.sdk/design_1_wrapper.hdf
INFO: [Vivado 12-3157] SDK launch initiated. Please check console for any further messages.
file mkdir {C:/Users/mathi/Desktop/Kandidat/Embedded/Project/cannyProjectFolder - GIT/CannyProject/cannyprojectSD/cannyproject.sdk}
file copy -force {C:/Users/mathi/Desktop/Kandidat/Embedded/Project/cannyProjectFolder - GIT/CannyProject/cannyprojectSD/cannyproject.runs/impl_1/design_1_wrapper.sysdef} {C:/Users/mathi/Desktop/Kandidat/Embedded/Project/cannyProjectFolder - GIT/CannyProject/cannyprojectSD/cannyproject.sdk/design_1_wrapper.hdf}

launch_sdk -workspace {C:/Users/mathi/Desktop/Kandidat/Embedded/Project/cannyProjectFolder - GIT/CannyProject/cannyprojectSD/cannyproject.sdk} -hwspec {C:/Users/mathi/Desktop/Kandidat/Embedded/Project/cannyProjectFolder - GIT/CannyProject/cannyprojectSD/cannyproject.sdk/design_1_wrapper.hdf}
INFO: [Vivado 12-393] Launching SDK...
INFO: [Vivado 12-417] Running xsdk -workspace C:/Users/mathi/Desktop/Kandidat/Embedded/Project/cannyProjectFolder - GIT/CannyProject/cannyprojectSD/cannyproject.sdk -hwspec C:/Users/mathi/Desktop/Kandidat/Embedded/Project/cannyProjectFolder - GIT/CannyProject/cannyprojectSD/cannyproject.sdk/design_1_wrapper.hdf
INFO: [Vivado 12-3157] SDK launch initiated. Please check console for any further messages.
exit
INFO: [Common 17-206] Exiting Vivado at Mon Dec  5 12:05:04 2022...
