#-----------------------------------------------------------
# Vivado v2017.2 (64-bit)
# SW Build 1909853 on Thu Jun 15 18:39:09 MDT 2017
# IP Build 1909766 on Thu Jun 15 19:58:00 MDT 2017
# Start of session at: Mon Dec  5 12:58:44 2022
# Process ID: 22852
# Current directory: C:/Users/mathi/Desktop/Kandidat/Embedded/Project/cannyProjectFolder - GIT/CannyProject/cannyprojectSD
# Command line: vivado.exe -gui_launcher_event rodinguilauncherevent22868 C:\Users\mathi\Desktop\Kandidat\Embedded\Project\cannyProjectFolder - GIT\CannyProject\cannyprojectSD\cannyproject.xpr
# Log file: C:/Users/mathi/Desktop/Kandidat/Embedded/Project/cannyProjectFolder - GIT/CannyProject/cannyprojectSD/vivado.log
# Journal file: C:/Users/mathi/Desktop/Kandidat/Embedded/Project/cannyProjectFolder - GIT/CannyProject/cannyprojectSD\vivado.jou
#-----------------------------------------------------------
start_gui
open_project {C:/Users/mathi/Desktop/Kandidat/Embedded/Project/cannyProjectFolder - GIT/CannyProject/cannyprojectSD/cannyproject.xpr}
INFO: [ProjectBase 1-489] The host OS only allows 260 characters in a normal path. The project is stored in a path with more than 80 characters. If you experience issues with IP, Block Designs, or files not being found, please consider moving the project to a location with a shorter path. Alternately consider using the OS subst command to map part of the path to a drive letter.
Current project path is 'C:/Users/mathi/Desktop/Kandidat/Embedded/Project/cannyProjectFolder - GIT/CannyProject/cannyprojectSD'
Scanning sources...
Finished scanning sources
INFO: [IP_Flow 19-234] Refreshing IP repositories
INFO: [IP_Flow 19-1700] Loaded user IP repository 'c:/Users/mathi/Desktop/Kandidat/Embedded/Project/testings/TestPorject'.
INFO: [IP_Flow 19-2313] Loaded Vivado IP repository 'D:/Uni/VIVADO/Vivado/2017.2/data/ip'.
WARNING: [IP_Flow 19-3664] IP 'design_1_auto_pc_0' generated file not found 'c:/Users/mathi/Desktop/Kandidat/Embedded/Project/cannyProjectFolder - GIT/CannyProject/cannyprojectSD/cannyproject.srcs/sources_1/bd/design_1/ip/design_1_auto_pc_0/stats.txt'. Please regenerate to continue.
open_project: Time (s): cpu = 00:00:48 ; elapsed = 00:00:22 . Memory (MB): peak = 815.055 ; gain = 18.164
update_compile_order -fileset sources_1
file mkdir {C:/Users/mathi/Desktop/Kandidat/Embedded/Project/cannyProjectFolder - GIT/CannyProject/cannyprojectSD/cannyproject.sdk}
file copy -force {C:/Users/mathi/Desktop/Kandidat/Embedded/Project/cannyProjectFolder - GIT/CannyProject/cannyprojectSD/cannyproject.runs/impl_1/design_1_wrapper.sysdef} {C:/Users/mathi/Desktop/Kandidat/Embedded/Project/cannyProjectFolder - GIT/CannyProject/cannyprojectSD/cannyproject.sdk/design_1_wrapper.hdf}

launch_sdk -workspace {C:/Users/mathi/Desktop/Kandidat/Embedded/Project/cannyProjectFolder - GIT/CannyProject/cannyprojectSD/cannyproject.sdk} -hwspec {C:/Users/mathi/Desktop/Kandidat/Embedded/Project/cannyProjectFolder - GIT/CannyProject/cannyprojectSD/cannyproject.sdk/design_1_wrapper.hdf}
INFO: [Vivado 12-393] Launching SDK...
INFO: [Vivado 12-417] Running xsdk -workspace C:/Users/mathi/Desktop/Kandidat/Embedded/Project/cannyProjectFolder - GIT/CannyProject/cannyprojectSD/cannyproject.sdk -hwspec C:/Users/mathi/Desktop/Kandidat/Embedded/Project/cannyProjectFolder - GIT/CannyProject/cannyprojectSD/cannyproject.sdk/design_1_wrapper.hdf
INFO: [Vivado 12-3157] SDK launch initiated. Please check console for any further messages.
exit
INFO: [Common 17-206] Exiting Vivado at Mon Dec  5 13:10:10 2022...
