#-----------------------------------------------------------
# Vivado v2017.2 (64-bit)
# SW Build 1909853 on Thu Jun 15 18:39:09 MDT 2017
# IP Build 1909766 on Thu Jun 15 19:58:00 MDT 2017
# Start of session at: Thu Nov 24 12:34:20 2022
# Process ID: 72916
# Current directory: C:/Users/mathi/Desktop/Kandidat/Embedded/Project/cannyProjectFolder/cannyproject
# Command line: vivado.exe -gui_launcher_event rodinguilauncherevent71304 C:\Users\mathi\Desktop\Kandidat\Embedded\Project\cannyProjectFolder\cannyproject\cannyproject.xpr
# Log file: C:/Users/mathi/Desktop/Kandidat/Embedded/Project/cannyProjectFolder/cannyproject/vivado.log
# Journal file: C:/Users/mathi/Desktop/Kandidat/Embedded/Project/cannyProjectFolder/cannyproject\vivado.jou
#-----------------------------------------------------------
start_gui
open_project C:/Users/mathi/Desktop/Kandidat/Embedded/Project/cannyProjectFolder/cannyproject/cannyproject.xpr
Scanning sources...
Finished scanning sources
INFO: [IP_Flow 19-234] Refreshing IP repositories
INFO: [IP_Flow 19-1700] Loaded user IP repository 'c:/Users/mathi/Desktop/Kandidat/Embedded/Project/testings/TestPorject'.
INFO: [IP_Flow 19-2313] Loaded Vivado IP repository 'D:/Uni/VIVADO/Vivado/2017.2/data/ip'.
WARNING: [IP_Flow 19-3664] IP 'design_1_auto_pc_0' generated file not found 'c:/Users/mathi/Desktop/Kandidat/Embedded/Project/cannyProjectFolder/cannyproject/cannyproject.srcs/sources_1/bd/design_1/ip/design_1_auto_pc_0/stats.txt'. Please regenerate to continue.
open_project: Time (s): cpu = 00:00:16 ; elapsed = 00:00:10 . Memory (MB): peak = 826.938 ; gain = 9.363
update_compile_order -fileset sources_1
launch_sdk -workspace C:/Users/mathi/Desktop/Kandidat/Embedded/Project/cannyProjectFolder/cannyproject/cannyproject.sdk -hwspec C:/Users/mathi/Desktop/Kandidat/Embedded/Project/cannyProjectFolder/cannyproject/cannyproject.sdk/design_1_wrapper.hdf
INFO: [Vivado 12-393] Launching SDK...
INFO: [Vivado 12-417] Running xsdk -workspace C:/Users/mathi/Desktop/Kandidat/Embedded/Project/cannyProjectFolder/cannyproject/cannyproject.sdk -hwspec C:/Users/mathi/Desktop/Kandidat/Embedded/Project/cannyProjectFolder/cannyproject/cannyproject.sdk/design_1_wrapper.hdf
INFO: [Vivado 12-3157] SDK launch initiated. Please check console for any further messages.
exit
INFO: [Common 17-206] Exiting Vivado at Thu Nov 24 16:42:53 2022...
