13:02:40 INFO  : Registering command handlers for SDK TCF services
13:02:41 INFO  : Launching XSCT server: xsct.bat -interactive C:\Users\mathi\Desktop\Kandidat\Embedded\Project\cannyProjectFolder - GIT\CannyProject\cannyprojectSD\cannyproject.sdk\temp_xsdb_launch_script.tcl
13:02:48 ERROR : (XSDB Server)couldn't read file "C:\Users\mathi\Desktop\Kandidat\Embedded\Project\cannyProjectFolder": permission denied

13:46:33 INFO  : Registering command handlers for SDK TCF services
13:46:33 INFO  : Launching XSCT server: xsct.bat -interactive C:\Users\mathi\Desktop\Kandidat\Embedded\Project\cannyProjectFolderGIT\CannyProject\cannyprojectSD\cannyproject.sdk\temp_xsdb_launch_script.tcl
13:46:36 INFO  : XSCT server has started successfully.
13:46:37 INFO  : Successfully done setting XSCT server connection channel  
13:46:37 INFO  : Successfully done setting SDK workspace  
13:46:37 INFO  : Processing command line option -hwspec C:/Users/mathi/Desktop/Kandidat/Embedded/Project/cannyProjectFolderGIT/CannyProject/cannyprojectSD/cannyproject.sdk/design_1_wrapper.hdf.
16:12:07 INFO  : Registering command handlers for SDK TCF services
16:12:07 INFO  : Launching XSCT server: xsct.bat -interactive C:\Users\mathi\Desktop\Kandidat\Embedded\Project\cannyProjectFolderGIT\CannyProject\cannyprojectSD\cannyproject.sdk\temp_xsdb_launch_script.tcl
16:12:11 INFO  : XSCT server has started successfully.
16:12:13 INFO  : Successfully done setting XSCT server connection channel  
16:12:13 INFO  : Successfully done setting SDK workspace  
16:12:13 INFO  : Processing command line option -hwspec C:/Users/mathi/Desktop/Kandidat/Embedded/Project/cannyProjectFolderGIT/CannyProject/cannyprojectSD/cannyproject.sdk/design_1_wrapper.hdf.
16:12:13 INFO  : Checking for hwspec changes in the project design_1_wrapper_hw_platform_0.
16:45:56 INFO  : Registering command handlers for SDK TCF services
16:45:56 INFO  : Launching XSCT server: xsct.bat -interactive C:\Users\mathi\Desktop\Kandidat\Embedded\Project\cannyProjectFolderGIT\CannyProject\cannyprojectSD\cannyproject.sdk\temp_xsdb_launch_script.tcl
16:46:00 INFO  : XSCT server has started successfully.
16:46:01 INFO  : Successfully done setting XSCT server connection channel  
16:46:01 INFO  : Successfully done setting SDK workspace  
16:46:01 INFO  : Processing command line option -hwspec C:/Users/mathi/Desktop/Kandidat/Embedded/Project/cannyProjectFolderGIT/CannyProject/cannyprojectSD/cannyproject.sdk/design_1_wrapper.hdf.
16:46:01 INFO  : Checking for hwspec changes in the project design_1_wrapper_hw_platform_0.
16:46:04 INFO  : SDK has detected change in the last modified timestamps for source hardware specification file Source:1670255104630,  Project:1670239947810
16:46:04 INFO  : The hardware specification for project 'design_1_wrapper_hw_platform_0' is different from C:/Users/mathi/Desktop/Kandidat/Embedded/Project/cannyProjectFolderGIT/CannyProject/cannyprojectSD/cannyproject.sdk/design_1_wrapper.hdf.
16:46:04 INFO  : Copied contents of C:/Users/mathi/Desktop/Kandidat/Embedded/Project/cannyProjectFolderGIT/CannyProject/cannyprojectSD/cannyproject.sdk/design_1_wrapper.hdf into \design_1_wrapper_hw_platform_0\system.hdf.
16:46:09 INFO  : Synchronizing projects in the workspace with the hardware platform specification changes.
16:46:10 ERROR : (XSDB Server)ERROR: [Hsi 55-1433] Error boost::filesystem::directory_iterator::construct: Access is denied: "C:/Users/mathi/AppData/Local/Temp\msdtadmin"

16:46:10 ERROR : Failed to call sync_sw_with_hw_change
Reason: ERROR: [Common 17-39] 'hsi::open_sw_design' failed due to earlier errors.

16:46:10 ERROR : Error updating BSP project MSS files.
16:46:11 INFO  : Updating hardware inferred compiler options for cannySDK.
16:46:11 INFO  : Clearing existing target manager status.
16:46:14 INFO  : Workspace synchronized with the new hardware specification file. Cleaning dependent projects...
16:46:17 WARN  : Linker script will not be updated automatically. Users need to update it manually.
16:46:21 ERROR : (XSDB Server)ERROR: [Hsi 55-1558] Software Design system system is not found

16:46:21 ERROR :  [Common 17-39] 'hsi::current_sw_design' failed due to earlier errors.
16:46:21 ERROR : (XSDB Server)ERROR: [Hsi 55-1558] Software Design system system is not found

16:46:21 INFO  : Unable to read in MSS file C:\Users\mathi\Desktop\Kandidat\Embedded\Project\cannyProjectFolderGIT\CannyProject\cannyprojectSD\cannyproject.sdk\cannyBSP\system.mss : null
16:46:21 ERROR : (XSDB Server)ERROR: [Hsi 55-1558] Software Design system system is not found

16:46:21 ERROR : (XSDB Server)ERROR: [Hsi 55-1558] Software Design system system is not found

16:46:21 ERROR : Failed to get_connected_periphs
Reason: ERROR: [Common 17-55] 'get_property' expects at least one object.
Resolution: If [get_<value>] was used to populate the object, check to make sure this command returns at least one valid object.

16:46:55 ERROR : (XSDB Server)ERROR: [Hsi 55-1558] Software Design system system is not found

16:46:55 ERROR :  [Common 17-39] 'hsi::current_sw_design' failed due to earlier errors.
16:46:56 ERROR : (XSDB Server)ERROR: [Hsi 55-1558] Software Design system system is not found

16:46:56 INFO  : Unable to read in MSS file C:\Users\mathi\Desktop\Kandidat\Embedded\Project\cannyProjectFolderGIT\CannyProject\cannyprojectSD\cannyproject.sdk\cannyBSP\system.mss : null
16:46:56 ERROR : Unexpected error occurred during generating bsp sources
java.lang.reflect.InvocationTargetException
	at org.eclipse.jface.operation.ModalContext.run(ModalContext.java:398)
	at org.eclipse.jface.dialogs.ProgressMonitorDialog.run(ProgressMonitorDialog.java:481)
	at org.eclipse.ui.internal.progress.ProgressMonitorJobsDialog.run(ProgressMonitorJobsDialog.java:242)
	at org.eclipse.ui.internal.progress.ProgressManager$3.run(ProgressManager.java:895)
	at org.eclipse.swt.custom.BusyIndicator.showWhile(BusyIndicator.java:70)
	at org.eclipse.ui.internal.progress.ProgressManager.busyCursorWhile(ProgressManager.java:930)
	at org.eclipse.ui.internal.progress.ProgressManager.busyCursorWhile(ProgressManager.java:905)
	at org.eclipse.ui.internal.progress.ProgressManager.run(ProgressManager.java:1078)
	at com.xilinx.sdk.sw.ui.handlers.RegenBspSourcesHandler.execute(RegenBspSourcesHandler.java:124)
	at com.xilinx.sdk.sw.ui.handlers.RegenBspSourcesHandler.execute(RegenBspSourcesHandler.java:78)
	at org.eclipse.ui.internal.handlers.HandlerProxy.execute(HandlerProxy.java:295)
	at org.eclipse.ui.internal.handlers.E4HandlerProxy.execute(E4HandlerProxy.java:90)
	at sun.reflect.NativeMethodAccessorImpl.invoke0(Native Method)
	at sun.reflect.NativeMethodAccessorImpl.invoke(NativeMethodAccessorImpl.java:62)
	at sun.reflect.DelegatingMethodAccessorImpl.invoke(DelegatingMethodAccessorImpl.java:43)
	at java.lang.reflect.Method.invoke(Method.java:498)
	at org.eclipse.e4.core.internal.di.MethodRequestor.execute(MethodRequestor.java:55)
	at org.eclipse.e4.core.internal.di.InjectorImpl.invokeUsingClass(InjectorImpl.java:282)
	at org.eclipse.e4.core.internal.di.InjectorImpl.invoke(InjectorImpl.java:264)
	at org.eclipse.e4.core.contexts.ContextInjectionFactory.invoke(ContextInjectionFactory.java:132)
	at org.eclipse.e4.core.commands.internal.HandlerServiceHandler.execute(HandlerServiceHandler.java:152)
	at org.eclipse.core.commands.Command.executeWithChecks(Command.java:494)
	at org.eclipse.core.commands.ParameterizedCommand.executeWithChecks(ParameterizedCommand.java:488)
	at org.eclipse.e4.core.commands.internal.HandlerServiceImpl.executeHandler(HandlerServiceImpl.java:210)
	at org.eclipse.e4.ui.workbench.renderers.swt.HandledContributionItem.executeItem(HandledContributionItem.java:433)
	at org.eclipse.e4.ui.workbench.renderers.swt.AbstractContributionItem.handleWidgetSelection(AbstractContributionItem.java:454)
	at org.eclipse.e4.ui.workbench.renderers.swt.AbstractContributionItem$3.handleEvent(AbstractContributionItem.java:482)
	at org.eclipse.swt.widgets.EventTable.sendEvent(EventTable.java:84)
	at org.eclipse.swt.widgets.Display.sendEvent(Display.java:4410)
	at org.eclipse.swt.widgets.Widget.sendEvent(Widget.java:1079)
	at org.eclipse.swt.widgets.Display.runDeferredEvents(Display.java:4228)
	at org.eclipse.swt.widgets.Display.readAndDispatch(Display.java:3816)
	at org.eclipse.e4.ui.internal.workbench.swt.PartRenderingEngine$4.run(PartRenderingEngine.java:1121)
	at org.eclipse.core.databinding.observable.Realm.runWithDefault(Realm.java:336)
	at org.eclipse.e4.ui.internal.workbench.swt.PartRenderingEngine.run(PartRenderingEngine.java:1022)
	at org.eclipse.e4.ui.internal.workbench.E4Workbench.createAndRunUI(E4Workbench.java:150)
	at org.eclipse.ui.internal.Workbench$5.run(Workbench.java:687)
	at org.eclipse.core.databinding.observable.Realm.runWithDefault(Realm.java:336)
	at org.eclipse.ui.internal.Workbench.createAndRunWorkbench(Workbench.java:604)
	at org.eclipse.ui.PlatformUI.createAndRunWorkbench(PlatformUI.java:148)
	at org.eclipse.ui.internal.ide.application.IDEApplication.start(IDEApplication.java:138)
	at org.eclipse.equinox.internal.app.EclipseAppHandle.run(EclipseAppHandle.java:196)
	at org.eclipse.core.runtime.internal.adaptor.EclipseAppLauncher.runApplication(EclipseAppLauncher.java:134)
	at org.eclipse.core.runtime.internal.adaptor.EclipseAppLauncher.start(EclipseAppLauncher.java:104)
	at org.eclipse.core.runtime.adaptor.EclipseStarter.run(EclipseStarter.java:388)
	at org.eclipse.core.runtime.adaptor.EclipseStarter.run(EclipseStarter.java:243)
	at sun.reflect.NativeMethodAccessorImpl.invoke0(Native Method)
	at sun.reflect.NativeMethodAccessorImpl.invoke(NativeMethodAccessorImpl.java:62)
	at sun.reflect.DelegatingMethodAccessorImpl.invoke(DelegatingMethodAccessorImpl.java:43)
	at java.lang.reflect.Method.invoke(Method.java:498)
	at org.eclipse.equinox.launcher.Main.invokeFramework(Main.java:673)
	at org.eclipse.equinox.launcher.Main.basicRun(Main.java:610)
	at org.eclipse.equinox.launcher.Main.run(Main.java:1519)
Caused by: java.lang.IllegalArgumentException: Path must include project and resource name: /cannyBSP
	at org.eclipse.core.runtime.Assert.isLegal(Assert.java:63)
	at org.eclipse.core.internal.resources.Workspace.newResource(Workspace.java:2068)
	at org.eclipse.core.internal.resources.Container.getFolder(Container.java:197)
	at com.xilinx.sdk.sw.ui.handlers.RegenBspSourcesHandler.internalGenerateBsp(RegenBspSourcesHandler.java:169)
	at com.xilinx.sdk.sw.ui.handlers.RegenBspSourcesHandler.access$2(RegenBspSourcesHandler.java:163)
	at com.xilinx.sdk.sw.ui.handlers.RegenBspSourcesHandler$1$1.run(RegenBspSourcesHandler.java:131)
	at org.eclipse.core.internal.resources.Workspace.run(Workspace.java:2240)
	at org.eclipse.core.internal.resources.Workspace.run(Workspace.java:2267)
	at com.xilinx.sdk.sw.ui.handlers.RegenBspSourcesHandler$1.run(RegenBspSourcesHandler.java:135)
	at org.eclipse.jface.operation.ModalContext$ModalContextThread.run(ModalContext.java:119)
16:58:34 ERROR : (XSDB Server)ERROR: [Hsi 55-1558] Software Design system system is not found

16:58:34 ERROR :  [Common 17-39] 'hsi::current_sw_design' failed due to earlier errors.
16:58:34 ERROR : (XSDB Server)ERROR: [Hsi 55-1558] Software Design system system is not found

16:58:34 INFO  : Unable to read in MSS file C:\Users\mathi\Desktop\Kandidat\Embedded\Project\cannyProjectFolderGIT\CannyProject\cannyprojectSD\cannyproject.sdk\cannyBSP\system.mss : null
16:58:34 ERROR : Failed to closesw "C:/Users/mathi/Desktop/Kandidat/Embedded/Project/cannyProjectFolderGIT/CannyProject/cannyprojectSD/cannyproject.sdk/cannyBSP/system.mss"
Reason: Cannot close sw design 'C:/Users/mathi/Desktop/Kandidat/Embedded/Project/cannyProjectFolderGIT/CannyProject/cannyprojectSD/cannyproject.sdk/cannyBSP/system.mss'.
Design is not opened in the current session.


16:58:36 ERROR : (XSDB Server)ERROR: [Hsi 55-1558] Software Design system system is not found

16:58:36 ERROR :  [Common 17-39] 'hsi::current_sw_design' failed due to earlier errors.
16:58:36 ERROR : (XSDB Server)ERROR: [Hsi 55-1558] Software Design system system is not found

16:58:36 INFO  : Unable to read in MSS file C:\Users\mathi\Desktop\Kandidat\Embedded\Project\cannyProjectFolderGIT\CannyProject\cannyprojectSD\cannyproject.sdk\cannyBSP\system.mss : null
16:58:36 ERROR : (XSDB Server)ERROR: [Hsi 55-1558] Software Design system system is not found

16:58:42 ERROR : (XSDB Server)ERROR: [Hsi 55-1558] Software Design system system is not found

16:58:42 ERROR :  [Common 17-39] 'hsi::current_sw_design' failed due to earlier errors.
16:58:42 ERROR : (XSDB Server)ERROR: [Hsi 55-1558] Software Design system system is not found

16:58:42 INFO  : Unable to read in MSS file C:\Users\mathi\Desktop\Kandidat\Embedded\Project\cannyProjectFolderGIT\CannyProject\cannyprojectSD\cannyproject.sdk\cannyBSP\system.mss : null
16:58:42 ERROR : Failed to closesw "C:/Users/mathi/Desktop/Kandidat/Embedded/Project/cannyProjectFolderGIT/CannyProject/cannyprojectSD/cannyproject.sdk/cannyBSP/system.mss"
Reason: Cannot close sw design 'C:/Users/mathi/Desktop/Kandidat/Embedded/Project/cannyProjectFolderGIT/CannyProject/cannyprojectSD/cannyproject.sdk/cannyBSP/system.mss'.
Design is not opened in the current session.


17:11:56 ERROR : Unexpected error while parsing XMD response ?: com.google.gson.JsonSyntaxException: com.google.gson.stream.MalformedJsonException: invalid number or unquoted string near 
21:36:05 INFO  : Registering command handlers for SDK TCF services
21:36:06 INFO  : Launching XSCT server: xsct.bat -interactive C:\Users\mathi\Desktop\Kandidat\Embedded\Project\cannyProjectFolderGIT\CannyProject\cannyprojectSD\cannyproject.sdk\temp_xsdb_launch_script.tcl
21:36:10 INFO  : XSCT server has started successfully.
21:36:10 INFO  : Successfully done setting XSCT server connection channel  
21:36:13 INFO  : Successfully done setting SDK workspace  
21:36:13 INFO  : Processing command line option -hwspec C:/Users/mathi/Desktop/Kandidat/Embedded/Project/cannyProjectFolderGIT/CannyProject/cannyprojectSD/cannyproject.sdk/design_1_wrapper.hdf.
21:36:13 INFO  : Checking for hwspec changes in the project design_1_wrapper_hw_platform_0.
14:15:13 INFO  : Registering command handlers for SDK TCF services
14:15:14 INFO  : Launching XSCT server: xsct.bat -interactive C:\Users\mathi\Desktop\Kandidat\Embedded\Project\cannyProjectFolderGIT\CannyProject\cannyprojectSD\cannyproject.sdk\temp_xsdb_launch_script.tcl
14:15:22 INFO  : XSCT server has started successfully.
14:15:22 INFO  : Successfully done setting XSCT server connection channel  
14:15:27 INFO  : Successfully done setting SDK workspace  
14:15:27 INFO  : Processing command line option -hwspec C:/Users/mathi/Desktop/Kandidat/Embedded/Project/cannyProjectFolderGIT/CannyProject/cannyprojectSD/cannyproject.sdk/design_1_wrapper.hdf.
14:15:27 INFO  : Checking for hwspec changes in the project design_1_wrapper_hw_platform_0.
15:23:32 INFO  : Connected to target on host '127.0.0.1' and port '3121'.
15:23:32 INFO  : 'targets -set -filter {jtag_cable_name =~ "Digilent Zybo 210279655792A" && level==0} -index 1' command is executed.
15:23:34 INFO  : FPGA configured successfully with bitstream "C:/Users/mathi/Desktop/Kandidat/Embedded/Project/cannyProjectFolderGIT/CannyProject/cannyprojectSD/cannyproject.sdk/design_1_wrapper_hw_platform_0/design_1_wrapper.bit"
15:23:49 INFO  : ps7_init is completed.
15:23:49 INFO  : ps7_post_config is completed.
15:23:49 INFO  : Processor reset is completed for ps7_cortexa9_0
15:24:46 INFO  : Processor reset is completed for ps7_cortexa9_0
15:26:28 INFO  : Connected to target on host '127.0.0.1' and port '3121'.
15:26:29 INFO  : 'targets -set -filter {jtag_cable_name =~ "Digilent Zybo 210279655792A" && level==0} -index 1' command is executed.
15:26:30 INFO  : FPGA configured successfully with bitstream "C:/Users/mathi/Desktop/Kandidat/Embedded/Project/cannyProjectFolderGIT/CannyProject/cannyprojectSD/cannyproject.sdk/design_1_wrapper_hw_platform_0/design_1_wrapper.bit"
15:26:37 INFO  : Processor reset is completed for ps7_cortexa9_0
15:29:43 INFO  : Connected to target on host '127.0.0.1' and port '3121'.
15:29:50 INFO  : 'targets -set -filter {jtag_cable_name =~ "Digilent Zybo 210279655792A" && level==0} -index 1' command is executed.
15:29:51 INFO  : FPGA configured successfully with bitstream "C:/Users/mathi/Desktop/Kandidat/Embedded/Project/cannyProjectFolderGIT/CannyProject/cannyprojectSD/cannyproject.sdk/design_1_wrapper_hw_platform_0/design_1_wrapper.bit"
15:30:11 INFO  : Connected to target on host '127.0.0.1' and port '3121'.
15:30:11 INFO  : 'targets -set -filter {jtag_cable_name =~ "Digilent Zybo 210279655792A" && level==0} -index 1' command is executed.
15:30:12 INFO  : FPGA configured successfully with bitstream "C:/Users/mathi/Desktop/Kandidat/Embedded/Project/cannyProjectFolderGIT/CannyProject/cannyprojectSD/cannyproject.sdk/design_1_wrapper_hw_platform_0/design_1_wrapper.bit"
15:30:22 INFO  : ps7_init is completed.
15:30:22 INFO  : ps7_post_config is completed.
15:30:22 INFO  : Processor reset is completed for ps7_cortexa9_0
15:33:24 INFO  : Connected to target on host '127.0.0.1' and port '3121'.
15:33:24 INFO  : 'targets -set -filter {jtag_cable_name =~ "Digilent Zybo 210279655792A" && level==0} -index 1' command is executed.
15:33:26 INFO  : FPGA configured successfully with bitstream "C:/Users/mathi/Desktop/Kandidat/Embedded/Project/cannyProjectFolderGIT/CannyProject/cannyprojectSD/cannyproject.sdk/design_1_wrapper_hw_platform_0/design_1_wrapper.bit"
15:34:54 INFO  : Connected to target on host '127.0.0.1' and port '3121'.
15:34:56 INFO  : 'targets -set -filter {jtag_cable_name =~ "Digilent Zybo 210279655792A" && level==0} -index 1' command is executed.
15:34:56 ERROR : Error occured during Prog B register check
15:35:03 INFO  : Connected to target on host '127.0.0.1' and port '3121'.
15:35:09 INFO  : 'targets -set -filter {jtag_cable_name =~ "Digilent Zybo 210279655792A" && level==0} -index 1' command is executed.
15:35:10 INFO  : FPGA configured successfully with bitstream "C:/Users/mathi/Desktop/Kandidat/Embedded/Project/cannyProjectFolderGIT/CannyProject/cannyprojectSD/cannyproject.sdk/design_1_wrapper_hw_platform_0/design_1_wrapper.bit"
15:35:45 INFO  : ps7_init is completed.
15:35:45 INFO  : ps7_post_config is completed.
15:35:45 INFO  : Processor reset is completed for ps7_cortexa9_0
15:39:18 INFO  : Connected to target on host '127.0.0.1' and port '3121'.
15:39:18 INFO  : 'targets -set -filter {jtag_cable_name =~ "Digilent Zybo 210279655792A" && level==0} -index 1' command is executed.
15:39:20 INFO  : FPGA configured successfully with bitstream "C:/Users/mathi/Desktop/Kandidat/Embedded/Project/cannyProjectFolderGIT/CannyProject/cannyprojectSD/cannyproject.sdk/design_1_wrapper_hw_platform_0/design_1_wrapper.bit"
15:39:28 INFO  : ps7_init is completed.
15:39:28 INFO  : ps7_post_config is completed.
15:39:29 INFO  : Processor reset is completed for ps7_cortexa9_0
15:40:40 INFO  : Processor reset is completed for ps7_cortexa9_0
15:45:33 INFO  : Processor reset is completed for ps7_cortexa9_0
15:46:06 INFO  : Processor reset is completed for ps7_cortexa9_0
15:46:45 INFO  : Processor reset is completed for ps7_cortexa9_0
15:49:19 INFO  : Connected to target on host '127.0.0.1' and port '3121'.
15:49:25 INFO  : 'targets -set -filter {jtag_cable_name =~ "Digilent Zybo 210279655792A" && level==0} -index 1' command is executed.
15:49:27 INFO  : FPGA configured successfully with bitstream "C:/Users/mathi/Desktop/Kandidat/Embedded/Project/cannyProjectFolderGIT/CannyProject/cannyprojectSD/cannyproject.sdk/design_1_wrapper_hw_platform_0/design_1_wrapper.bit"
15:49:43 INFO  : ps7_init is completed.
15:49:43 INFO  : ps7_post_config is completed.
15:49:44 INFO  : Processor reset is completed for ps7_cortexa9_0
15:51:29 INFO  : Processor reset is completed for ps7_cortexa9_0
15:53:36 INFO  : Processor reset is completed for ps7_cortexa9_0
15:56:26 INFO  : Connected to target on host '127.0.0.1' and port '3121'.
15:56:32 INFO  : 'targets -set -filter {jtag_cable_name =~ "Digilent Zybo 210279655792A" && level==0} -index 1' command is executed.
15:56:34 INFO  : FPGA configured successfully with bitstream "C:/Users/mathi/Desktop/Kandidat/Embedded/Project/cannyProjectFolderGIT/CannyProject/cannyprojectSD/cannyproject.sdk/design_1_wrapper_hw_platform_0/design_1_wrapper.bit"
15:56:45 INFO  : ps7_init is completed.
15:56:45 INFO  : ps7_post_config is completed.
15:56:46 INFO  : Processor reset is completed for ps7_cortexa9_0
15:58:00 INFO  : Connected to target on host '127.0.0.1' and port '3121'.
15:58:01 INFO  : 'targets -set -filter {jtag_cable_name =~ "Digilent Zybo 210279655792A" && level==0} -index 1' command is executed.
15:58:02 INFO  : FPGA configured successfully with bitstream "C:/Users/mathi/Desktop/Kandidat/Embedded/Project/cannyProjectFolderGIT/CannyProject/cannyprojectSD/cannyproject.sdk/design_1_wrapper_hw_platform_0/design_1_wrapper.bit"
15:58:16 INFO  : Processor reset is completed for ps7_cortexa9_0
16:06:33 INFO  : Connected to target on host '127.0.0.1' and port '3121'.
16:06:35 INFO  : 'targets -set -filter {jtag_cable_name =~ "Digilent Zybo 210279655792A" && level==0} -index 1' command is executed.
16:06:37 INFO  : FPGA configured successfully with bitstream "C:/Users/mathi/Desktop/Kandidat/Embedded/Project/cannyProjectFolderGIT/CannyProject/cannyprojectSD/cannyproject.sdk/design_1_wrapper_hw_platform_0/design_1_wrapper.bit"
16:07:01 INFO  : ps7_init is completed.
16:07:01 INFO  : ps7_post_config is completed.
16:07:01 INFO  : Processor reset is completed for ps7_cortexa9_0
16:13:31 INFO  : Connected to target on host '127.0.0.1' and port '3121'.
16:13:32 INFO  : 'targets -set -filter {jtag_cable_name =~ "Digilent Zybo 210279655792A" && level==0} -index 1' command is executed.
16:13:34 INFO  : FPGA configured successfully with bitstream "C:/Users/mathi/Desktop/Kandidat/Embedded/Project/cannyProjectFolderGIT/CannyProject/cannyprojectSD/cannyproject.sdk/design_1_wrapper_hw_platform_0/design_1_wrapper.bit"
16:13:56 INFO  : ps7_init is completed.
16:13:56 INFO  : ps7_post_config is completed.
16:13:56 INFO  : Processor reset is completed for ps7_cortexa9_0
16:17:24 INFO  : Connected to target on host '127.0.0.1' and port '3121'.
16:17:26 INFO  : 'targets -set -filter {jtag_cable_name =~ "Digilent Zybo 210279655792A" && level==0} -index 1' command is executed.
16:17:27 INFO  : FPGA configured successfully with bitstream "C:/Users/mathi/Desktop/Kandidat/Embedded/Project/cannyProjectFolderGIT/CannyProject/cannyprojectSD/cannyproject.sdk/design_1_wrapper_hw_platform_0/design_1_wrapper.bit"
16:17:32 INFO  : ps7_init is completed.
16:17:32 INFO  : ps7_post_config is completed.
16:17:32 INFO  : Processor reset is completed for ps7_cortexa9_0
16:21:02 INFO  : Connected to target on host '127.0.0.1' and port '3121'.
16:21:02 INFO  : 'targets -set -filter {jtag_cable_name =~ "Digilent Zybo 210279655792A" && level==0} -index 1' command is executed.
16:21:04 INFO  : FPGA configured successfully with bitstream "C:/Users/mathi/Desktop/Kandidat/Embedded/Project/cannyProjectFolderGIT/CannyProject/cannyprojectSD/cannyproject.sdk/design_1_wrapper_hw_platform_0/design_1_wrapper.bit"
16:21:11 INFO  : Connected to target on host '127.0.0.1' and port '3121'.
16:21:14 INFO  : 'targets -set -filter {jtag_cable_name =~ "Digilent Zybo 210279655792A" && level==0} -index 1' command is executed.
16:21:15 INFO  : FPGA configured successfully with bitstream "C:/Users/mathi/Desktop/Kandidat/Embedded/Project/cannyProjectFolderGIT/CannyProject/cannyprojectSD/cannyproject.sdk/design_1_wrapper_hw_platform_0/design_1_wrapper.bit"
16:21:27 INFO  : ps7_init is completed.
16:21:27 INFO  : ps7_post_config is completed.
16:21:27 INFO  : Processor reset is completed for ps7_cortexa9_0
16:24:13 INFO  : Connected to target on host '127.0.0.1' and port '3121'.
16:24:13 INFO  : 'targets -set -filter {jtag_cable_name =~ "Digilent Zybo 210279655792A" && level==0} -index 1' command is executed.
16:24:14 INFO  : FPGA configured successfully with bitstream "C:/Users/mathi/Desktop/Kandidat/Embedded/Project/cannyProjectFolderGIT/CannyProject/cannyprojectSD/cannyproject.sdk/design_1_wrapper_hw_platform_0/design_1_wrapper.bit"
16:24:28 INFO  : ps7_init is completed.
16:24:28 INFO  : ps7_post_config is completed.
16:24:29 INFO  : Processor reset is completed for ps7_cortexa9_0
16:37:54 INFO  : Connected to target on host '127.0.0.1' and port '3121'.
16:37:57 INFO  : 'targets -set -filter {jtag_cable_name =~ "Digilent Zybo 210279655792A" && level==0} -index 1' command is executed.
16:37:58 INFO  : FPGA configured successfully with bitstream "C:/Users/mathi/Desktop/Kandidat/Embedded/Project/cannyProjectFolderGIT/CannyProject/cannyprojectSD/cannyproject.sdk/design_1_wrapper_hw_platform_0/design_1_wrapper.bit"
16:38:05 INFO  : ps7_init is completed.
16:38:05 INFO  : ps7_post_config is completed.
16:38:05 INFO  : Processor reset is completed for ps7_cortexa9_0
16:51:19 INFO  : Connected to target on host '127.0.0.1' and port '3121'.
16:51:19 INFO  : 'targets -set -filter {jtag_cable_name =~ "Digilent Zybo 210279655792A" && level==0} -index 1' command is executed.
16:51:21 INFO  : FPGA configured successfully with bitstream "C:/Users/mathi/Desktop/Kandidat/Embedded/Project/cannyProjectFolderGIT/CannyProject/cannyprojectSD/cannyproject.sdk/design_1_wrapper_hw_platform_0/design_1_wrapper.bit"
16:51:32 INFO  : ps7_init is completed.
16:51:32 INFO  : ps7_post_config is completed.
16:51:32 INFO  : Processor reset is completed for ps7_cortexa9_0
17:32:19 ERROR : Unexpected error while parsing XMD response ?: com.google.gson.JsonSyntaxException: com.google.gson.stream.MalformedJsonException: invalid number or unquoted string near 
20:29:51 INFO  : Registering command handlers for SDK TCF services
20:29:51 INFO  : Launching XSCT server: xsct.bat -interactive C:\Users\mathi\Desktop\Kandidat\Embedded\Project\cannyProjectFolderGIT\CannyProject\cannyprojectSD\cannyproject.sdk\temp_xsdb_launch_script.tcl
20:29:58 INFO  : XSCT server has started successfully.
20:29:58 INFO  : Successfully done setting XSCT server connection channel  
20:30:03 INFO  : Successfully done setting SDK workspace  
20:30:03 INFO  : Processing command line option -hwspec C:/Users/mathi/Desktop/Kandidat/Embedded/Project/cannyProjectFolderGIT/CannyProject/cannyprojectSD/cannyproject.sdk/design_1_wrapper.hdf.
20:30:03 INFO  : Checking for hwspec changes in the project design_1_wrapper_hw_platform_0.
20:31:30 INFO  : Connected to target on host '127.0.0.1' and port '3121'.
20:31:30 INFO  : 'targets -set -filter {jtag_cable_name =~ "Digilent Zybo 210279655792A" && level==0} -index 1' command is executed.
20:31:31 INFO  : FPGA configured successfully with bitstream "C:/Users/mathi/Desktop/Kandidat/Embedded/Project/cannyProjectFolderGIT/CannyProject/cannyprojectSD/cannyproject.sdk/design_1_wrapper_hw_platform_0/design_1_wrapper.bit"
20:32:06 INFO  : ps7_init is completed.
20:32:06 INFO  : ps7_post_config is completed.
20:32:06 INFO  : Processor reset is completed for ps7_cortexa9_0
20:43:41 ERROR : Unexpected error while parsing XMD response ?: com.google.gson.JsonSyntaxException: com.google.gson.stream.MalformedJsonException: invalid number or unquoted string near 
21:42:39 INFO  : Registering command handlers for SDK TCF services
21:42:40 INFO  : Launching XSCT server: xsct.bat -interactive C:\Users\mathi\Desktop\Kandidat\Embedded\Project\cannyProjectFolderGIT\CannyProject\cannyprojectSD\cannyproject.sdk\temp_xsdb_launch_script.tcl
21:42:45 INFO  : XSCT server has started successfully.
21:42:46 INFO  : Successfully done setting XSCT server connection channel  
21:42:46 INFO  : Processing command line option -hwspec C:/Users/mathi/Desktop/Kandidat/Embedded/Project/cannyProjectFolderGIT/CannyProject/cannyprojectSD/cannyproject.sdk/design_1_wrapper.hdf.
21:42:46 INFO  : Successfully done setting SDK workspace  
21:42:46 INFO  : Checking for hwspec changes in the project design_1_wrapper_hw_platform_0.
21:43:22 INFO  : Connected to target on host '127.0.0.1' and port '3121'.
21:43:22 INFO  : 'targets -set -filter {jtag_cable_name =~ "Digilent Zybo 210279655792A" && level==0} -index 1' command is executed.
21:43:24 INFO  : FPGA configured successfully with bitstream "C:/Users/mathi/Desktop/Kandidat/Embedded/Project/cannyProjectFolderGIT/CannyProject/cannyprojectSD/cannyproject.sdk/design_1_wrapper_hw_platform_0/design_1_wrapper.bit"
21:43:48 INFO  : ps7_init is completed.
21:43:48 INFO  : ps7_post_config is completed.
21:43:48 INFO  : Processor reset is completed for ps7_cortexa9_0
21:44:23 INFO  : Connected to target on host '127.0.0.1' and port '3121'.
21:44:23 INFO  : 'targets -set -filter {jtag_cable_name =~ "Digilent Zybo 210279655792A" && level==0} -index 1' command is executed.
21:44:24 INFO  : FPGA configured successfully with bitstream "C:/Users/mathi/Desktop/Kandidat/Embedded/Project/cannyProjectFolderGIT/CannyProject/cannyprojectSD/cannyproject.sdk/design_1_wrapper_hw_platform_0/design_1_wrapper.bit"
21:44:29 INFO  : Processor reset is completed for ps7_cortexa9_0
21:45:14 ERROR : Unexpected error while parsing XMD response ?: com.google.gson.JsonSyntaxException: com.google.gson.stream.MalformedJsonException: invalid number or unquoted string near 
21:49:50 INFO  : Registering command handlers for SDK TCF services
21:49:51 INFO  : Launching XSCT server: xsct.bat -interactive C:\Users\mathi\Desktop\Kandidat\Embedded\Project\cannyProjectFolderGIT\CannyProject\cannyprojectSD\cannyproject.sdk\temp_xsdb_launch_script.tcl
21:49:55 INFO  : XSCT server has started successfully.
21:49:55 INFO  : Successfully done setting XSCT server connection channel  
21:49:58 INFO  : Successfully done setting SDK workspace  
21:49:58 INFO  : Processing command line option -hwspec C:/Users/mathi/Desktop/Kandidat/Embedded/Project/cannyProjectFolderGIT/CannyProject/cannyprojectSD/cannyproject.sdk/design_1_wrapper.hdf.
21:49:58 INFO  : Checking for hwspec changes in the project design_1_wrapper_hw_platform_0.
21:50:33 INFO  : Connected to target on host '127.0.0.1' and port '3121'.
21:50:34 INFO  : 'targets -set -filter {jtag_cable_name =~ "Digilent Zybo 210279655792A" && level==0} -index 1' command is executed.
21:50:35 INFO  : FPGA configured successfully with bitstream "C:/Users/mathi/Desktop/Kandidat/Embedded/Project/cannyProjectFolderGIT/CannyProject/cannyprojectSD/cannyproject.sdk/design_1_wrapper_hw_platform_0/design_1_wrapper.bit"
21:50:45 INFO  : ps7_init is completed.
21:50:45 INFO  : ps7_post_config is completed.
21:50:45 INFO  : Processor reset is completed for ps7_cortexa9_0
21:51:26 ERROR : Unexpected error while parsing XMD response ?: com.google.gson.JsonSyntaxException: com.google.gson.stream.MalformedJsonException: invalid number or unquoted string near 
10:04:56 INFO  : Registering command handlers for SDK TCF services
10:04:56 INFO  : Launching XSCT server: xsct.bat -interactive C:\Users\mathi\Desktop\Kandidat\Embedded\Project\cannyProjectFolderGIT\CannyProject\cannyprojectSD\cannyproject.sdk\temp_xsdb_launch_script.tcl
10:05:03 INFO  : XSCT server has started successfully.
10:05:09 INFO  : Successfully done setting XSCT server connection channel  
10:05:09 INFO  : Successfully done setting SDK workspace  
10:05:09 INFO  : Processing command line option -hwspec C:/Users/mathi/Desktop/Kandidat/Embedded/Project/cannyProjectFolderGIT/CannyProject/cannyprojectSD/cannyproject.sdk/design_1_wrapper.hdf.
10:05:09 INFO  : Checking for hwspec changes in the project design_1_wrapper_hw_platform_0.
10:10:50 INFO  : Connected to target on host '127.0.0.1' and port '3121'.
10:10:51 INFO  : 'targets -set -filter {jtag_cable_name =~ "Digilent Zybo 210279655792A" && level==0} -index 1' command is executed.
10:10:52 INFO  : FPGA configured successfully with bitstream "C:/Users/mathi/Desktop/Kandidat/Embedded/Project/cannyProjectFolderGIT/CannyProject/cannyprojectSD/cannyproject.sdk/design_1_wrapper_hw_platform_0/design_1_wrapper.bit"
10:11:34 INFO  : ps7_init is completed.
10:11:34 INFO  : ps7_post_config is completed.
10:11:34 INFO  : Processor reset is completed for ps7_cortexa9_0
10:51:57 INFO  : SDK has detected change in the last modified timestamps for source hardware specification file Source:1670579500245,  Project:1670255104630
10:51:57 INFO  : Project design_1_wrapper_hw_platform_0's source hardware specification located at C:/Users/mathi/Desktop/Kandidat/Embedded/Project/cannyProjectFolderGIT/CannyProject/cannyprojectSD/cannyproject.sdk/design_1_wrapper.hdf is now different from the local copy.
		 The local copy will be replaced with the source specification and your workspace will be updated.
10:51:59 INFO  : Project design_1_wrapper_hw_platform_0's source hardware specification location will not be monitored anymore.
10:52:03 ERROR : Unexpected error while parsing XMD response ?: com.google.gson.JsonSyntaxException: com.google.gson.stream.MalformedJsonException: invalid number or unquoted string near 
10:52:29 INFO  : Registering command handlers for SDK TCF services
10:52:29 INFO  : Launching XSCT server: xsct.bat -interactive C:\Users\mathi\Desktop\Kandidat\Embedded\Project\cannyProjectFolderGIT\CannyProject\cannyprojectSD\cannyproject.sdk\temp_xsdb_launch_script.tcl
10:52:34 INFO  : XSCT server has started successfully.
10:52:34 INFO  : Successfully done setting XSCT server connection channel  
10:52:36 INFO  : Successfully done setting SDK workspace  
10:52:36 INFO  : Processing command line option -hwspec C:/Users/mathi/Desktop/Kandidat/Embedded/Project/cannyProjectFolderGIT/CannyProject/cannyprojectSD/cannyproject.sdk/design_1_wrapper.hdf.
10:54:28 INFO  : Connected to target on host '127.0.0.1' and port '3121'.
10:54:28 INFO  : 'targets -set -filter {jtag_cable_name =~ "Digilent Zybo 210279655792A" && level==0} -index 1' command is executed.
10:54:30 INFO  : FPGA configured successfully with bitstream "C:/Users/mathi/Desktop/Kandidat/Embedded/Project/cannyProjectFolderGIT/CannyProject/cannyprojectSD/cannyproject.sdk/design_1_wrapper_hw_platform_0/design_1_wrapper.bit"
10:54:46 INFO  : ps7_init is completed.
10:54:47 INFO  : ps7_post_config is completed.
10:54:47 INFO  : Processor reset is completed for ps7_cortexa9_0
10:55:21 INFO  : Processor reset is completed for ps7_cortexa9_0
10:58:18 INFO  : Connected to target on host '127.0.0.1' and port '3121'.
10:58:18 INFO  : 'targets -set -filter {jtag_cable_name =~ "Digilent Zybo 210279655792A" && level==0} -index 1' command is executed.
10:58:20 INFO  : FPGA configured successfully with bitstream "C:/Users/mathi/Desktop/Kandidat/Embedded/Project/cannyProjectFolderGIT/CannyProject/cannyprojectSD/cannyproject.sdk/design_1_wrapper_hw_platform_0/design_1_wrapper.bit"
10:58:28 INFO  : ps7_init is completed.
10:58:28 INFO  : ps7_post_config is completed.
10:58:28 INFO  : Processor reset is completed for ps7_cortexa9_0
11:02:03 INFO  : Connected to target on host '127.0.0.1' and port '3121'.
11:02:04 INFO  : 'targets -set -filter {jtag_cable_name =~ "Digilent Zybo 210279655792A" && level==0} -index 1' command is executed.
11:02:05 INFO  : FPGA configured successfully with bitstream "C:/Users/mathi/Desktop/Kandidat/Embedded/Project/cannyProjectFolderGIT/CannyProject/cannyprojectSD/cannyproject.sdk/design_1_wrapper_hw_platform_0/design_1_wrapper.bit"
11:02:21 INFO  : ps7_init is completed.
11:02:21 INFO  : ps7_post_config is completed.
11:02:21 INFO  : Processor reset is completed for ps7_cortexa9_0
11:07:35 ERROR : Unexpected error while parsing XMD response ?: com.google.gson.JsonSyntaxException: com.google.gson.stream.MalformedJsonException: invalid number or unquoted string near 
11:27:53 INFO  : Registering command handlers for SDK TCF services
11:27:53 INFO  : Launching XSCT server: xsct.bat -interactive C:\Users\mathi\Desktop\Kandidat\Embedded\Project\cannyProjectFolderGIT\CannyProject\cannyprojectSD\cannyproject.sdk\temp_xsdb_launch_script.tcl
11:27:58 INFO  : XSCT server has started successfully.
11:27:58 INFO  : Successfully done setting XSCT server connection channel  
11:27:59 INFO  : Successfully done setting SDK workspace  
11:27:59 INFO  : Processing command line option -hwspec C:/Users/mathi/Desktop/Kandidat/Embedded/Project/cannyProjectFolderGIT/CannyProject/cannyprojectSD/cannyproject.sdk/design_1_wrapper.hdf.
11:27:59 INFO  : Checking for hwspec changes in the project design_1_wrapper_hw_platform_1.
11:28:05 INFO  : SDK has detected change in the last modified timestamps for source hardware specification file Source:1670581635856,  Project:1670579500245
11:28:05 INFO  : The hardware specification for project 'design_1_wrapper_hw_platform_1' is different from C:/Users/mathi/Desktop/Kandidat/Embedded/Project/cannyProjectFolderGIT/CannyProject/cannyprojectSD/cannyproject.sdk/design_1_wrapper.hdf.
11:28:05 INFO  : Copied contents of C:/Users/mathi/Desktop/Kandidat/Embedded/Project/cannyProjectFolderGIT/CannyProject/cannyprojectSD/cannyproject.sdk/design_1_wrapper.hdf into \design_1_wrapper_hw_platform_1\system.hdf.
11:28:11 INFO  : Synchronizing projects in the workspace with the hardware platform specification changes.
11:28:11 INFO  : Clearing existing target manager status.
11:28:14 INFO  : Workspace synchronized with the new hardware specification file. Cleaning dependent projects...
11:28:14 WARN  : Linker script will not be updated automatically. Users need to update it manually.
11:29:04 INFO  : Connected to target on host '127.0.0.1' and port '3121'.
11:29:05 INFO  : 'targets -set -filter {jtag_cable_name =~ "Digilent Zybo 210279655792A" && level==0} -index 1' command is executed.
11:29:06 INFO  : FPGA configured successfully with bitstream "C:/Users/mathi/Desktop/Kandidat/Embedded/Project/cannyProjectFolderGIT/CannyProject/cannyprojectSD/cannyproject.sdk/design_1_wrapper_hw_platform_0/design_1_wrapper.bit"
11:29:18 INFO  : ps7_init is completed.
11:29:18 INFO  : ps7_post_config is completed.
11:29:18 INFO  : Processor reset is completed for ps7_cortexa9_0
11:38:36 INFO  : Connected to target on host '127.0.0.1' and port '3121'.
11:38:37 INFO  : 'targets -set -filter {jtag_cable_name =~ "Digilent Zybo 210279655792A" && level==0} -index 1' command is executed.
11:38:38 INFO  : FPGA configured successfully with bitstream "C:/Users/mathi/Desktop/Kandidat/Embedded/Project/cannyProjectFolderGIT/CannyProject/cannyprojectSD/cannyproject.sdk/design_1_wrapper_hw_platform_0/design_1_wrapper.bit"
11:40:16 INFO  : ps7_init is completed.
11:40:17 INFO  : ps7_post_config is completed.
11:40:17 INFO  : Processor reset is completed for ps7_cortexa9_0
11:40:37 INFO  : Processor reset is completed for ps7_cortexa9_0
11:42:15 INFO  : Processor reset is completed for ps7_cortexa9_0
11:45:56 INFO  : Connected to target on host '127.0.0.1' and port '3121'.
11:45:56 INFO  : 'targets -set -filter {jtag_cable_name =~ "Digilent Zybo 210279655792A" && level==0} -index 1' command is executed.
11:45:57 INFO  : FPGA configured successfully with bitstream "C:/Users/mathi/Desktop/Kandidat/Embedded/Project/cannyProjectFolderGIT/CannyProject/cannyprojectSD/cannyproject.sdk/design_1_wrapper_hw_platform_0/design_1_wrapper.bit"
11:46:07 INFO  : ps7_init is completed.
11:46:07 INFO  : ps7_post_config is completed.
11:46:07 INFO  : Processor reset is completed for ps7_cortexa9_0
12:01:29 ERROR : Unexpected error while parsing XMD response ?: com.google.gson.JsonSyntaxException: com.google.gson.stream.MalformedJsonException: invalid number or unquoted string near 
21:09:55 INFO  : Registering command handlers for SDK TCF services
21:09:56 INFO  : Launching XSCT server: xsct.bat -interactive C:\Users\mathi\Desktop\Kandidat\Embedded\Project\cannyProjectFolderGIT\CannyProject\cannyprojectSD\cannyproject.sdk\temp_xsdb_launch_script.tcl
21:09:59 INFO  : XSCT server has started successfully.
21:10:00 INFO  : Successfully done setting XSCT server connection channel  
21:10:00 INFO  : Successfully done setting SDK workspace  
21:10:00 INFO  : Processing command line option -hwspec C:/Users/mathi/Desktop/Kandidat/Embedded/Project/cannyProjectFolderGIT/CannyProject/cannyprojectSD/cannyproject.sdk/design_1_wrapper.hdf.
21:10:00 INFO  : Checking for hwspec changes in the project design_1_wrapper_hw_platform_1.
21:10:03 INFO  : SDK has detected change in the last modified timestamps for source hardware specification file Source:1670616388261,  Project:1670581635856
21:10:03 INFO  : The hardware specification for project 'design_1_wrapper_hw_platform_1' is different from C:/Users/mathi/Desktop/Kandidat/Embedded/Project/cannyProjectFolderGIT/CannyProject/cannyprojectSD/cannyproject.sdk/design_1_wrapper.hdf.
21:10:03 INFO  : Copied contents of C:/Users/mathi/Desktop/Kandidat/Embedded/Project/cannyProjectFolderGIT/CannyProject/cannyprojectSD/cannyproject.sdk/design_1_wrapper.hdf into \design_1_wrapper_hw_platform_1\system.hdf.
21:10:07 INFO  : Synchronizing projects in the workspace with the hardware platform specification changes.
21:10:07 INFO  : Clearing existing target manager status.
21:10:09 INFO  : Workspace synchronized with the new hardware specification file. Cleaning dependent projects...
21:10:09 WARN  : Linker script will not be updated automatically. Users need to update it manually.
21:11:55 INFO  : Connected to target on host '127.0.0.1' and port '3121'.
21:11:55 INFO  : 'targets -set -filter {jtag_cable_name =~ "Digilent Zybo 210279655792A" && level==0} -index 1' command is executed.
21:11:56 INFO  : FPGA configured successfully with bitstream "C:/Users/mathi/Desktop/Kandidat/Embedded/Project/cannyProjectFolderGIT/CannyProject/cannyprojectSD/cannyproject.sdk/design_1_wrapper_hw_platform_0/design_1_wrapper.bit"
21:12:09 INFO  : ps7_init is completed.
21:12:09 INFO  : ps7_post_config is completed.
21:12:10 INFO  : Processor reset is completed for ps7_cortexa9_0
21:16:38 ERROR : Unexpected error while parsing XMD response ?: com.google.gson.JsonSyntaxException: com.google.gson.stream.MalformedJsonException: invalid number or unquoted string near 
22:01:37 INFO  : Registering command handlers for SDK TCF services
22:01:38 INFO  : Launching XSCT server: xsct.bat -interactive C:\Users\mathi\Desktop\Kandidat\Embedded\Project\cannyProjectFolderGIT\CannyProject\cannyprojectSD\cannyproject.sdk\temp_xsdb_launch_script.tcl
22:01:44 INFO  : XSCT server has started successfully.
22:01:45 INFO  : Successfully done setting XSCT server connection channel  
22:01:45 INFO  : Successfully done setting SDK workspace  
22:01:45 INFO  : Processing command line option -hwspec C:/Users/mathi/Desktop/Kandidat/Embedded/Project/cannyProjectFolderGIT/CannyProject/cannyprojectSD/cannyproject.sdk/design_1_wrapper.hdf.
22:01:45 INFO  : Checking for hwspec changes in the project design_1_wrapper_hw_platform_1.
22:01:51 INFO  : SDK has detected change in the last modified timestamps for source hardware specification file Source:1670619375257,  Project:1670616388261
22:01:51 INFO  : The hardware specification for project 'design_1_wrapper_hw_platform_1' is different from C:/Users/mathi/Desktop/Kandidat/Embedded/Project/cannyProjectFolderGIT/CannyProject/cannyprojectSD/cannyproject.sdk/design_1_wrapper.hdf.
22:01:51 INFO  : Copied contents of C:/Users/mathi/Desktop/Kandidat/Embedded/Project/cannyProjectFolderGIT/CannyProject/cannyprojectSD/cannyproject.sdk/design_1_wrapper.hdf into \design_1_wrapper_hw_platform_1\system.hdf.
22:01:56 INFO  : Synchronizing projects in the workspace with the hardware platform specification changes.
22:01:57 INFO  : Clearing existing target manager status.
22:02:00 INFO  : Workspace synchronized with the new hardware specification file. Cleaning dependent projects...
22:02:00 WARN  : Linker script will not be updated automatically. Users need to update it manually.
22:03:34 INFO  : Connected to target on host '127.0.0.1' and port '3121'.
22:03:35 INFO  : 'targets -set -filter {jtag_cable_name =~ "Digilent Zybo 210279655792A" && level==0} -index 1' command is executed.
22:03:37 INFO  : FPGA configured successfully with bitstream "C:/Users/mathi/Desktop/Kandidat/Embedded/Project/cannyProjectFolderGIT/CannyProject/cannyprojectSD/cannyproject.sdk/design_1_wrapper_hw_platform_0/design_1_wrapper.bit"
22:03:56 INFO  : ps7_init is completed.
22:03:56 INFO  : ps7_post_config is completed.
22:03:56 INFO  : Processor reset is completed for ps7_cortexa9_0
22:09:10 ERROR : Unexpected error while parsing XMD response ?: com.google.gson.JsonSyntaxException: com.google.gson.stream.MalformedJsonException: invalid number or unquoted string near 
18:56:51 INFO  : Registering command handlers for SDK TCF services
18:56:51 INFO  : Launching XSCT server: xsct.bat -interactive C:\Users\mathi\Desktop\Kandidat\Embedded\Project\cannyProjectFolderGIT\CannyProject\cannyprojectSD\cannyproject.sdk\temp_xsdb_launch_script.tcl
18:56:55 INFO  : XSCT server has started successfully.
18:56:59 INFO  : Successfully done setting XSCT server connection channel  
18:56:59 INFO  : Successfully done setting SDK workspace  
18:56:59 INFO  : Processing command line option -hwspec C:/Users/mathi/Desktop/Kandidat/Embedded/Project/cannyProjectFolderGIT/CannyProject/cannyprojectSD/cannyproject.sdk/design_1_wrapper.hdf.
18:56:59 INFO  : Checking for hwspec changes in the project design_1_wrapper_hw_platform_1.
19:05:18 INFO  : Connected to target on host '127.0.0.1' and port '3121'.
19:05:19 INFO  : 'targets -set -filter {jtag_cable_name =~ "Digilent Zybo 210279655792A" && level==0} -index 1' command is executed.
19:05:20 INFO  : FPGA configured successfully with bitstream "C:/Users/mathi/Desktop/Kandidat/Embedded/Project/cannyProjectFolderGIT/CannyProject/cannyprojectSD/cannyproject.sdk/design_1_wrapper_hw_platform_0/design_1_wrapper.bit"
19:05:40 INFO  : ps7_init is completed.
19:05:40 INFO  : ps7_post_config is completed.
19:05:40 INFO  : Processor reset is completed for ps7_cortexa9_0
19:12:28 INFO  : Connected to target on host '127.0.0.1' and port '3121'.
19:12:28 INFO  : 'targets -set -filter {jtag_cable_name =~ "Digilent Zybo 210279655792A" && level==0} -index 1' command is executed.
19:12:29 INFO  : FPGA configured successfully with bitstream "C:/Users/mathi/Desktop/Kandidat/Embedded/Project/cannyProjectFolderGIT/CannyProject/cannyprojectSD/cannyproject.sdk/design_1_wrapper_hw_platform_0/design_1_wrapper.bit"
19:12:41 INFO  : ps7_init is completed.
19:12:42 INFO  : ps7_post_config is completed.
19:12:42 INFO  : Processor reset is completed for ps7_cortexa9_0
19:17:32 INFO  : Connected to target on host '127.0.0.1' and port '3121'.
19:17:33 INFO  : 'targets -set -filter {jtag_cable_name =~ "Digilent Zybo 210279655792A" && level==0} -index 1' command is executed.
19:17:35 INFO  : FPGA configured successfully with bitstream "C:/Users/mathi/Desktop/Kandidat/Embedded/Project/cannyProjectFolderGIT/CannyProject/cannyprojectSD/cannyproject.sdk/design_1_wrapper_hw_platform_0/design_1_wrapper.bit"
19:20:07 INFO  : Connected to target on host '127.0.0.1' and port '3121'.
19:20:08 INFO  : 'targets -set -filter {jtag_cable_name =~ "Digilent Zybo 210279655792A" && level==0} -index 1' command is executed.
19:20:09 INFO  : FPGA configured successfully with bitstream "C:/Users/mathi/Desktop/Kandidat/Embedded/Project/cannyProjectFolderGIT/CannyProject/cannyprojectSD/cannyproject.sdk/design_1_wrapper_hw_platform_0/design_1_wrapper.bit"
19:20:25 INFO  : ps7_init is completed.
19:20:25 INFO  : ps7_post_config is completed.
19:20:25 INFO  : Processor reset is completed for ps7_cortexa9_0
19:23:26 ERROR : Unexpected error while parsing XMD response ?: com.google.gson.JsonSyntaxException: com.google.gson.stream.MalformedJsonException: invalid number or unquoted string near 
19:44:52 INFO  : Registering command handlers for SDK TCF services
19:44:52 INFO  : Launching XSCT server: xsct.bat -interactive C:\Users\mathi\Desktop\Kandidat\Embedded\Project\cannyProjectFolderGIT\CannyProject\cannyprojectSD\cannyproject.sdk\temp_xsdb_launch_script.tcl
19:44:55 INFO  : XSCT server has started successfully.
19:44:55 INFO  : Successfully done setting XSCT server connection channel  
19:44:56 INFO  : Successfully done setting SDK workspace  
19:44:56 INFO  : Processing command line option -hwspec C:/Users/mathi/Desktop/Kandidat/Embedded/Project/cannyProjectFolderGIT/CannyProject/cannyprojectSD/cannyproject.sdk/design_1_wrapper.hdf.
19:44:56 INFO  : Checking for hwspec changes in the project design_1_wrapper_hw_platform_1.
19:45:00 INFO  : SDK has detected change in the last modified timestamps for source hardware specification file Source:1670697836301,  Project:1670619375257
19:45:00 INFO  : The hardware specification for project 'design_1_wrapper_hw_platform_1' is different from C:/Users/mathi/Desktop/Kandidat/Embedded/Project/cannyProjectFolderGIT/CannyProject/cannyprojectSD/cannyproject.sdk/design_1_wrapper.hdf.
19:45:00 INFO  : Copied contents of C:/Users/mathi/Desktop/Kandidat/Embedded/Project/cannyProjectFolderGIT/CannyProject/cannyprojectSD/cannyproject.sdk/design_1_wrapper.hdf into \design_1_wrapper_hw_platform_1\system.hdf.
19:45:04 INFO  : Synchronizing projects in the workspace with the hardware platform specification changes.
19:45:04 INFO  : Clearing existing target manager status.
19:45:06 INFO  : Workspace synchronized with the new hardware specification file. Cleaning dependent projects...
19:45:06 WARN  : Linker script will not be updated automatically. Users need to update it manually.
19:46:25 INFO  : Connected to target on host '127.0.0.1' and port '3121'.
19:46:40 ERROR : 'targets -set -filter {jtag_cable_name =~ "Digilent Zybo 210279655792A" && level==0} -index 1' is cancelled.
19:46:40 INFO  : Issued abort command to xsdb.
19:46:53 INFO  : Connected to target on host '127.0.0.1' and port '3121'.
19:46:54 INFO  : 'targets -set -filter {jtag_cable_name =~ "Digilent Zybo 210279655792A" && level==0} -index 1' command is executed.
19:46:55 INFO  : FPGA configured successfully with bitstream "C:/Users/mathi/Desktop/Kandidat/Embedded/Project/cannyProjectFolderGIT/CannyProject/cannyprojectSD/cannyproject.sdk/design_1_wrapper_hw_platform_1/design_1_wrapper.bit"
19:48:39 INFO  : Connected to target on host '127.0.0.1' and port '3121'.
19:48:39 INFO  : 'targets -set -filter {jtag_cable_name =~ "Digilent Zybo 210279655792A" && level==0} -index 1' command is executed.
19:48:40 INFO  : FPGA configured successfully with bitstream "C:/Users/mathi/Desktop/Kandidat/Embedded/Project/cannyProjectFolderGIT/CannyProject/cannyprojectSD/cannyproject.sdk/design_1_wrapper_hw_platform_1/design_1_wrapper.bit"
19:49:13 INFO  : Connected to target on host '127.0.0.1' and port '3121'.
19:49:15 INFO  : 'targets -set -filter {jtag_cable_name =~ "Digilent Zybo 210279655792A" && level==0} -index 1' command is executed.
19:49:17 INFO  : FPGA configured successfully with bitstream "C:/Users/mathi/Desktop/Kandidat/Embedded/Project/cannyProjectFolderGIT/CannyProject/cannyprojectSD/cannyproject.sdk/design_1_wrapper_hw_platform_1/design_1_wrapper.bit"
19:49:28 INFO  : ps7_init is completed.
19:49:28 INFO  : ps7_post_config is completed.
19:49:28 INFO  : Processor reset is completed for ps7_cortexa9_0
19:53:18 ERROR : Unexpected error while parsing XMD response ?: com.google.gson.JsonSyntaxException: com.google.gson.stream.MalformedJsonException: invalid number or unquoted string near 
20:46:32 INFO  : Registering command handlers for SDK TCF services
20:46:32 INFO  : Launching XSCT server: xsct.bat -interactive C:\Users\mathi\Desktop\Kandidat\Embedded\Project\cannyProjectFolderGIT\CannyProject\cannyprojectSD\cannyproject.sdk\temp_xsdb_launch_script.tcl
20:46:35 INFO  : XSCT server has started successfully.
20:46:35 INFO  : Successfully done setting XSCT server connection channel  
20:46:35 INFO  : Successfully done setting SDK workspace  
20:46:35 INFO  : Processing command line option -hwspec C:/Users/mathi/Desktop/Kandidat/Embedded/Project/cannyProjectFolderGIT/CannyProject/cannyprojectSD/cannyproject.sdk/design_1_wrapper.hdf.
20:46:35 INFO  : Checking for hwspec changes in the project design_1_wrapper_hw_platform_1.
21:04:08 INFO  : Connected to target on host '127.0.0.1' and port '3121'.
21:04:09 INFO  : 'targets -set -filter {jtag_cable_name =~ "Digilent Zybo 210279655792A" && level==0} -index 1' command is executed.
21:04:10 INFO  : FPGA configured successfully with bitstream "C:/Users/mathi/Desktop/Kandidat/Embedded/Project/cannyProjectFolderGIT/CannyProject/cannyprojectSD/cannyproject.sdk/design_1_wrapper_hw_platform_0/design_1_wrapper.bit"
21:04:29 INFO  : ps7_init is completed.
21:04:29 INFO  : ps7_post_config is completed.
21:04:30 INFO  : Processor reset is completed for ps7_cortexa9_0
21:11:55 INFO  : Connected to target on host '127.0.0.1' and port '3121'.
21:11:55 INFO  : 'targets -set -filter {jtag_cable_name =~ "Digilent Zybo 210279655792A" && level==0} -index 1' command is executed.
21:11:56 INFO  : FPGA configured successfully with bitstream "C:/Users/mathi/Desktop/Kandidat/Embedded/Project/cannyProjectFolderGIT/CannyProject/cannyprojectSD/cannyproject.sdk/design_1_wrapper_hw_platform_0/design_1_wrapper.bit"
21:12:00 INFO  : Processor reset is completed for ps7_cortexa9_0
21:14:24 INFO  : Connected to target on host '127.0.0.1' and port '3121'.
21:14:24 INFO  : 'targets -set -filter {jtag_cable_name =~ "Digilent Zybo 210279655792A" && level==0} -index 1' command is executed.
21:14:25 INFO  : FPGA configured successfully with bitstream "C:/Users/mathi/Desktop/Kandidat/Embedded/Project/cannyProjectFolderGIT/CannyProject/cannyprojectSD/cannyproject.sdk/design_1_wrapper_hw_platform_0/design_1_wrapper.bit"
21:20:50 INFO  : Connected to target on host '127.0.0.1' and port '3121'.
21:20:50 INFO  : 'targets -set -filter {jtag_cable_name =~ "Digilent Zybo 210279655792A" && level==0} -index 1' command is executed.
21:20:51 INFO  : FPGA configured successfully with bitstream "C:/Users/mathi/Desktop/Kandidat/Embedded/Project/cannyProjectFolderGIT/CannyProject/cannyprojectSD/cannyproject.sdk/design_1_wrapper_hw_platform_0/design_1_wrapper.bit"
21:20:59 INFO  : ps7_init is completed.
21:20:59 INFO  : ps7_post_config is completed.
21:20:59 INFO  : Processor reset is completed for ps7_cortexa9_0
21:21:32 INFO  : ps7_cortexa9_0 Processor is in use. Please stop existing Run or Debug sessions before launching.
21:21:40 INFO  : Processor reset is completed for ps7_cortexa9_0
21:24:40 INFO  : Connected to target on host '127.0.0.1' and port '3121'.
21:24:40 INFO  : 'targets -set -filter {jtag_cable_name =~ "Digilent Zybo 210279655792A" && level==0} -index 1' command is executed.
21:24:41 INFO  : FPGA configured successfully with bitstream "C:/Users/mathi/Desktop/Kandidat/Embedded/Project/cannyProjectFolderGIT/CannyProject/cannyprojectSD/cannyproject.sdk/design_1_wrapper_hw_platform_0/design_1_wrapper.bit"
21:25:05 INFO  : ps7_init is completed.
21:25:05 INFO  : ps7_post_config is completed.
21:25:06 INFO  : Processor reset is completed for ps7_cortexa9_0
21:27:43 INFO  : Connected to target on host '127.0.0.1' and port '3121'.
21:27:43 INFO  : 'targets -set -filter {jtag_cable_name =~ "Digilent Zybo 210279655792A" && level==0} -index 1' command is executed.
21:27:45 INFO  : FPGA configured successfully with bitstream "C:/Users/mathi/Desktop/Kandidat/Embedded/Project/cannyProjectFolderGIT/CannyProject/cannyprojectSD/cannyproject.sdk/design_1_wrapper_hw_platform_0/design_1_wrapper.bit"
21:27:50 INFO  : Processor reset is completed for ps7_cortexa9_0
21:28:22 INFO  : Connected to target on host '127.0.0.1' and port '3121'.
21:28:25 INFO  : 'targets -set -filter {jtag_cable_name =~ "Digilent Zybo 210279655792A" && level==0} -index 1' command is executed.
21:28:26 INFO  : FPGA configured successfully with bitstream "C:/Users/mathi/Desktop/Kandidat/Embedded/Project/cannyProjectFolderGIT/CannyProject/cannyprojectSD/cannyproject.sdk/design_1_wrapper_hw_platform_0/design_1_wrapper.bit"
21:28:34 INFO  : ps7_init is completed.
21:28:34 INFO  : ps7_post_config is completed.
21:28:34 INFO  : Processor reset is completed for ps7_cortexa9_0
21:30:47 INFO  : Connected to target on host '127.0.0.1' and port '3121'.
21:30:47 INFO  : 'targets -set -filter {jtag_cable_name =~ "Digilent Zybo 210279655792A" && level==0} -index 1' command is executed.
21:30:49 INFO  : FPGA configured successfully with bitstream "C:/Users/mathi/Desktop/Kandidat/Embedded/Project/cannyProjectFolderGIT/CannyProject/cannyprojectSD/cannyproject.sdk/design_1_wrapper_hw_platform_0/design_1_wrapper.bit"
21:31:14 INFO  : ps7_init is completed.
21:31:14 INFO  : ps7_post_config is completed.
21:31:14 INFO  : Processor reset is completed for ps7_cortexa9_0
21:31:55 INFO  : Connected to target on host '127.0.0.1' and port '3121'.
21:31:55 INFO  : 'targets -set -filter {jtag_cable_name =~ "Digilent Zybo 210279655792A" && level==0} -index 1' command is executed.
21:31:56 INFO  : FPGA configured successfully with bitstream "C:/Users/mathi/Desktop/Kandidat/Embedded/Project/cannyProjectFolderGIT/CannyProject/cannyprojectSD/cannyproject.sdk/design_1_wrapper_hw_platform_0/design_1_wrapper.bit"
21:32:01 INFO  : ps7_init is completed.
21:32:01 INFO  : ps7_post_config is completed.
21:32:01 INFO  : Processor reset is completed for ps7_cortexa9_0
21:32:37 INFO  : Processor reset is completed for ps7_cortexa9_0
21:33:16 INFO  : Processor reset is completed for ps7_cortexa9_0
21:41:13 INFO  : Connected to target on host '127.0.0.1' and port '3121'.
21:41:13 INFO  : 'targets -set -filter {jtag_cable_name =~ "Digilent Zybo 210279655792A" && level==0} -index 1' command is executed.
21:41:14 INFO  : FPGA configured successfully with bitstream "C:/Users/mathi/Desktop/Kandidat/Embedded/Project/cannyProjectFolderGIT/CannyProject/cannyprojectSD/cannyproject.sdk/design_1_wrapper_hw_platform_1/design_1_wrapper.bit"
21:41:23 INFO  : Processor reset is completed for ps7_cortexa9_0
21:44:26 INFO  : FPGA Cable Disconnected. All active launches will be terminated.
21:44:26 WARN  : Terminating existing sessions on processor ps7_cortexa9_0
21:44:27 ERROR : Unexpected error while parsing XMD response ?: com.google.gson.JsonSyntaxException: com.google.gson.stream.MalformedJsonException: invalid number or unquoted string near 
