#-----------------------------------------------------------
# Vivado v2017.2 (64-bit)
# SW Build 1909853 on Thu Jun 15 18:39:09 MDT 2017
# IP Build 1909766 on Thu Jun 15 19:58:00 MDT 2017
# Start of session at: Tue Nov 15 11:43:02 2022
# Process ID: 13724
# Current directory: C:/Users/mathi/Desktop/Kandidat/Embedded/Project/cannyProjectFolder/cannyproject
# Command line: vivado.exe -gui_launcher_event rodinguilauncherevent28780 C:\Users\mathi\Desktop\Kandidat\Embedded\Project\cannyProjectFolder\cannyproject\cannyproject.xpr
# Log file: C:/Users/mathi/Desktop/Kandidat/Embedded/Project/cannyProjectFolder/cannyproject/vivado.log
# Journal file: C:/Users/mathi/Desktop/Kandidat/Embedded/Project/cannyProjectFolder/cannyproject\vivado.jou
#-----------------------------------------------------------
start_gui
open_project C:/Users/mathi/Desktop/Kandidat/Embedded/Project/cannyProjectFolder/cannyproject/cannyproject.xpr
Scanning sources...
Finished scanning sources
INFO: [IP_Flow 19-234] Refreshing IP repositories
INFO: [IP_Flow 19-1700] Loaded user IP repository 'c:/Users/mathi/Desktop/Kandidat/Embedded/Project/testings/TestPorject'.
INFO: [IP_Flow 19-2313] Loaded Vivado IP repository 'D:/Uni/VIVADO/Vivado/2017.2/data/ip'.
WARNING: [IP_Flow 19-3664] IP 'design_1_auto_pc_0' generated file not found 'c:/Users/mathi/Desktop/Kandidat/Embedded/Project/cannyProjectFolder/cannyproject/cannyproject.srcs/sources_1/bd/design_1/ip/design_1_auto_pc_0/stats.txt'. Please regenerate to continue.
open_project: Time (s): cpu = 00:00:16 ; elapsed = 00:00:09 . Memory (MB): peak = 849.996 ; gain = 54.105
update_compile_order -fileset sources_1
INFO: [Vivado 12-4158] Exported Hardware file is out of date. Exported hardware information may be inconsistent with respect to the current state of the design. It is recommended that you re-export the design and launch SDK otherwise SDK is launched with out of date hardware system file.
launch_sdk -workspace C:/Users/mathi/Desktop/Kandidat/Embedded/Project/cannyProjectFolder/cannyproject/cannyproject.sdk -hwspec C:/Users/mathi/Desktop/Kandidat/Embedded/Project/cannyProjectFolder/cannyproject/cannyproject.sdk/design_1_wrapper.hdf
INFO: [Vivado 12-393] Launching SDK...
INFO: [Vivado 12-417] Running xsdk -workspace C:/Users/mathi/Desktop/Kandidat/Embedded/Project/cannyProjectFolder/cannyproject/cannyproject.sdk -hwspec C:/Users/mathi/Desktop/Kandidat/Embedded/Project/cannyProjectFolder/cannyproject/cannyproject.sdk/design_1_wrapper.hdf
INFO: [Vivado 12-3157] SDK launch initiated. Please check console for any further messages.
open_bd_design {C:/Users/mathi/Desktop/Kandidat/Embedded/Project/cannyProjectFolder/cannyproject/cannyproject.srcs/sources_1/bd/design_1/design_1.bd}
Adding cell -- xilinx.com:ip:processing_system7:5.5 - processing_system7_0
Adding cell -- xilinx.com:ip:proc_sys_reset:5.0 - rst_ps7_0_100M
Adding cell -- xilinx.com:hls:testFlow:1.11 - testFlow_0
Adding cell -- xilinx.com:ip:axi_protocol_converter:2.1 - auto_pc
Successfully read diagram <design_1> from BD file <C:/Users/mathi/Desktop/Kandidat/Embedded/Project/cannyProjectFolder/cannyproject/cannyproject.srcs/sources_1/bd/design_1/design_1.bd>
open_bd_design: Time (s): cpu = 00:00:09 ; elapsed = 00:00:09 . Memory (MB): peak = 923.184 ; gain = 57.848
INFO: [Vivado 12-4158] Exported Hardware file is out of date. Exported hardware information may be inconsistent with respect to the current state of the design. It is recommended that you re-export the design and launch SDK otherwise SDK is launched with out of date hardware system file.
launch_sdk -workspace C:/Users/mathi/Desktop/Kandidat/Embedded/Project/cannyProjectFolder/cannyproject/cannyproject.sdk -hwspec C:/Users/mathi/Desktop/Kandidat/Embedded/Project/cannyProjectFolder/cannyproject/cannyproject.sdk/design_1_wrapper.hdf
INFO: [Vivado 12-393] Launching SDK...
INFO: [Vivado 12-417] Running xsdk -workspace C:/Users/mathi/Desktop/Kandidat/Embedded/Project/cannyProjectFolder/cannyproject/cannyproject.sdk -hwspec C:/Users/mathi/Desktop/Kandidat/Embedded/Project/cannyProjectFolder/cannyproject/cannyproject.sdk/design_1_wrapper.hdf
INFO: [Vivado 12-3157] SDK launch initiated. Please check console for any further messages.
exit
INFO: [Common 17-206] Exiting Vivado at Tue Nov 15 12:08:09 2022...
