15:46:06 INFO  : Registering command handlers for SDK TCF services
15:46:06 INFO  : Launching XSCT server: xsct.bat -interactive C:\Users\mathi\Desktop\Kandidat\Embedded\Project\cannyProjectFolder\cannyproject\cannyproject.sdk\temp_xsdb_launch_script.tcl
15:46:09 INFO  : XSCT server has started successfully.
15:46:10 INFO  : Successfully done setting XSCT server connection channel  
15:46:10 INFO  : Successfully done setting SDK workspace  
15:46:10 INFO  : Processing command line option -hwspec C:/Users/mathi/Desktop/Kandidat/Embedded/Project/cannyProjectFolder/cannyproject/cannyproject.sdk/design_1_wrapper.hdf.
15:47:17 ERROR : Failed to closesw "C:/Users/mathi/Desktop/Kandidat/Embedded/Project/cannyProjectFolder/cannyproject/cannyproject.sdk/cannyProjectSdk_bsp/system.mss"
Reason: Cannot close sw design 'C:/Users/mathi/Desktop/Kandidat/Embedded/Project/cannyProjectFolder/cannyproject/cannyproject.sdk/cannyProjectSdk_bsp/system.mss'.
Design is not opened in the current session.


15:49:19 INFO  : Connected to target on host '127.0.0.1' and port '3121'.
15:49:20 INFO  : 'targets -set -filter {jtag_cable_name =~ "Digilent Zybo 210279655792A" && level==0} -index 1' command is executed.
15:49:21 INFO  : FPGA configured successfully with bitstream "C:/Users/mathi/Desktop/Kandidat/Embedded/Project/cannyProjectFolder/cannyproject/cannyproject.sdk/design_1_wrapper_hw_platform_0/design_1_wrapper.bit"
15:49:36 INFO  : ps7_init is completed.
15:49:36 INFO  : ps7_post_config is completed.
15:49:36 INFO  : Processor reset is completed for ps7_cortexa9_0
15:50:09 INFO  : Processor reset is completed for ps7_cortexa9_0
15:51:16 INFO  : Processor reset is completed for ps7_cortexa9_0
15:52:22 INFO  : Connected to target on host '127.0.0.1' and port '3121'.
15:52:28 INFO  : 'targets -set -filter {jtag_cable_name =~ "Digilent Zybo 210279655792A" && level==0} -index 1' command is executed.
15:52:29 INFO  : FPGA configured successfully with bitstream "C:/Users/mathi/Desktop/Kandidat/Embedded/Project/cannyProjectFolder/cannyproject/cannyproject.sdk/design_1_wrapper_hw_platform_0/design_1_wrapper.bit"
15:52:39 INFO  : ps7_init is completed.
15:52:39 INFO  : ps7_post_config is completed.
15:52:40 INFO  : Processor reset is completed for ps7_cortexa9_0
15:54:13 INFO  : FPGA Cable Disconnected. All active launches will be terminated.
15:54:13 WARN  : Terminating existing sessions on processor ps7_cortexa9_0
15:54:49 INFO  : Connected to target on host '127.0.0.1' and port '3121'.
15:54:49 INFO  : 'targets -set -filter {jtag_cable_name =~ "Digilent Zybo 210279655792A" && level==0} -index 1' command is executed.
15:54:50 INFO  : FPGA configured successfully with bitstream "C:/Users/mathi/Desktop/Kandidat/Embedded/Project/cannyProjectFolder/cannyproject/cannyproject.sdk/design_1_wrapper_hw_platform_0/design_1_wrapper.bit"
15:54:58 INFO  : ps7_init is completed.
15:54:58 INFO  : ps7_post_config is completed.
15:54:58 INFO  : Processor reset is completed for ps7_cortexa9_0
15:55:46 INFO  : Connected to target on host '127.0.0.1' and port '3121'.
15:55:52 INFO  : 'targets -set -filter {jtag_cable_name =~ "Digilent Zybo 210279655792A" && level==0} -index 1' command is executed.
15:55:53 INFO  : FPGA configured successfully with bitstream "C:/Users/mathi/Desktop/Kandidat/Embedded/Project/cannyProjectFolder/cannyproject/cannyproject.sdk/design_1_wrapper_hw_platform_0/design_1_wrapper.bit"
15:56:24 INFO  : Connected to target on host '127.0.0.1' and port '3121'.
15:56:24 INFO  : 'targets -set -filter {jtag_cable_name =~ "Digilent Zybo 210279655792A" && level==0} -index 1' command is executed.
15:56:25 INFO  : FPGA configured successfully with bitstream "C:/Users/mathi/Desktop/Kandidat/Embedded/Project/cannyProjectFolder/cannyproject/cannyproject.sdk/design_1_wrapper_hw_platform_0/design_1_wrapper.bit"
15:56:31 INFO  : ps7_init is completed.
15:56:31 INFO  : ps7_post_config is completed.
15:56:31 INFO  : Processor reset is completed for ps7_cortexa9_0
15:56:49 INFO  : Processor reset is completed for ps7_cortexa9_0
15:57:55 INFO  : Connected to target on host '127.0.0.1' and port '3121'.
15:57:55 INFO  : 'targets -set -filter {jtag_cable_name =~ "Digilent Zybo 210279655792A" && level==0} -index 1' command is executed.
15:57:56 INFO  : FPGA configured successfully with bitstream "C:/Users/mathi/Desktop/Kandidat/Embedded/Project/cannyProjectFolder/cannyproject/cannyproject.sdk/design_1_wrapper_hw_platform_0/design_1_wrapper.bit"
15:58:01 INFO  : ps7_cortexa9_0 Processor is in use. Please stop existing Run or Debug sessions before launching.
16:01:52 INFO  : Processor reset is completed for ps7_cortexa9_0
16:10:21 INFO  : ps7_init is completed.
16:10:21 INFO  : ps7_post_config is completed.
16:10:21 INFO  : Processor reset is completed for ps7_cortexa9_0
16:10:28 INFO  : Connected to target on host '127.0.0.1' and port '3121'.
16:10:28 INFO  : 'targets -set -filter {jtag_cable_name =~ "Digilent Zybo 210279655792A" && level==0} -index 1' command is executed.
16:10:31 ERROR : Error occured during Prog B register check
16:10:38 INFO  : Connected to target on host '127.0.0.1' and port '3121'.
16:10:38 INFO  : 'targets -set -filter {jtag_cable_name =~ "Digilent Zybo 210279655792A" && level==0} -index 1' command is executed.
16:10:39 INFO  : FPGA configured successfully with bitstream "C:/Users/mathi/Desktop/Kandidat/Embedded/Project/cannyProjectFolder/cannyproject/cannyproject.sdk/design_1_wrapper_hw_platform_0/design_1_wrapper.bit"
16:10:48 INFO  : Processor reset is completed for ps7_cortexa9_0
16:13:24 INFO  : Processor reset is completed for ps7_cortexa9_0
16:14:02 INFO  : ps7_cortexa9_0 Processor is in use. Please stop existing Run or Debug sessions before launching.
16:14:04 INFO  : Processor reset is completed for ps7_cortexa9_0
16:18:37 ERROR : Unexpected error while parsing XMD response ?: com.google.gson.JsonSyntaxException: com.google.gson.stream.MalformedJsonException: invalid number or unquoted string near 
10:51:15 INFO  : Registering command handlers for SDK TCF services
10:51:16 INFO  : Launching XSCT server: xsct.bat -interactive C:\Users\mathi\Desktop\Kandidat\Embedded\Project\cannyProjectFolder\cannyproject\cannyproject.sdk\temp_xsdb_launch_script.tcl
10:51:21 INFO  : XSCT server has started successfully.
10:51:21 INFO  : Successfully done setting XSCT server connection channel  
10:51:24 INFO  : Successfully done setting SDK workspace  
10:51:24 INFO  : Processing command line option -hwspec C:/Users/mathi/Desktop/Kandidat/Embedded/Project/cannyProjectFolder/cannyproject/cannyproject.sdk/design_1_wrapper.hdf.
10:51:24 INFO  : Checking for hwspec changes in the project design_1_wrapper_hw_platform_0.
10:53:08 INFO  : Connected to target on host '127.0.0.1' and port '3121'.
10:53:08 INFO  : 'targets -set -filter {jtag_cable_name =~ "Digilent Zybo 210279655792A" && level==0} -index 1' command is executed.
10:53:09 INFO  : FPGA configured successfully with bitstream "C:/Users/mathi/Desktop/Kandidat/Embedded/Project/cannyProjectFolder/cannyproject/cannyproject.sdk/design_1_wrapper_hw_platform_0/design_1_wrapper.bit"
10:53:25 INFO  : ps7_init is completed.
10:53:25 INFO  : ps7_post_config is completed.
10:53:26 INFO  : Processor reset is completed for ps7_cortexa9_0
10:54:35 INFO  : Connected to target on host '127.0.0.1' and port '3121'.
10:54:35 INFO  : 'targets -set -filter {jtag_cable_name =~ "Digilent Zybo 210279655792A" && level==0} -index 1' command is executed.
10:54:37 INFO  : FPGA configured successfully with bitstream "C:/Users/mathi/Desktop/Kandidat/Embedded/Project/cannyProjectFolder/cannyproject/cannyproject.sdk/design_1_wrapper_hw_platform_0/design_1_wrapper.bit"
10:54:43 INFO  : Processor reset is completed for ps7_cortexa9_0
10:55:18 INFO  : Connected to target on host '127.0.0.1' and port '3121'.
10:55:18 INFO  : 'targets -set -filter {jtag_cable_name =~ "Digilent Zybo 210279655792A" && level==0} -index 1' command is executed.
10:55:20 INFO  : FPGA configured successfully with bitstream "C:/Users/mathi/Desktop/Kandidat/Embedded/Project/cannyProjectFolder/cannyproject/cannyproject.sdk/design_1_wrapper_hw_platform_0/design_1_wrapper.bit"
10:55:26 INFO  : Processor reset is completed for ps7_cortexa9_0
10:56:08 INFO  : Connected to target on host '127.0.0.1' and port '3121'.
10:56:08 INFO  : 'targets -set -filter {jtag_cable_name =~ "Digilent Zybo 210279655792A" && level==0} -index 1' command is executed.
10:56:09 INFO  : FPGA configured successfully with bitstream "C:/Users/mathi/Desktop/Kandidat/Embedded/Project/cannyProjectFolder/cannyproject/cannyproject.sdk/design_1_wrapper_hw_platform_0/design_1_wrapper.bit"
10:56:25 INFO  : ps7_init is completed.
10:56:25 INFO  : ps7_post_config is completed.
10:56:25 INFO  : Processor reset is completed for ps7_cortexa9_0
10:59:27 INFO  : Connected to target on host '127.0.0.1' and port '3121'.
10:59:27 INFO  : 'targets -set -filter {jtag_cable_name =~ "Digilent Zybo 210279655792A" && level==0} -index 1' command is executed.
10:59:28 INFO  : FPGA configured successfully with bitstream "C:/Users/mathi/Desktop/Kandidat/Embedded/Project/cannyProjectFolder/cannyproject/cannyproject.sdk/design_1_wrapper_hw_platform_0/design_1_wrapper.bit"
10:59:35 INFO  : Processor reset is completed for ps7_cortexa9_0
11:02:05 INFO  : Connected to target on host '127.0.0.1' and port '3121'.
11:02:05 INFO  : 'targets -set -filter {jtag_cable_name =~ "Digilent Zybo 210279655792A" && level==0} -index 1' command is executed.
11:02:06 INFO  : FPGA configured successfully with bitstream "C:/Users/mathi/Desktop/Kandidat/Embedded/Project/cannyProjectFolder/cannyproject/cannyproject.sdk/design_1_wrapper_hw_platform_0/design_1_wrapper.bit"
11:02:53 INFO  : Processor reset is completed for ps7_cortexa9_0
11:03:44 INFO  : Connected to target on host '127.0.0.1' and port '3121'.
11:03:45 INFO  : 'targets -set -filter {jtag_cable_name =~ "Digilent Zybo 210279655792A" && level==0} -index 1' command is executed.
11:03:46 INFO  : FPGA configured successfully with bitstream "C:/Users/mathi/Desktop/Kandidat/Embedded/Project/cannyProjectFolder/cannyproject/cannyproject.sdk/design_1_wrapper_hw_platform_0/design_1_wrapper.bit"
11:03:55 INFO  : Processor reset is completed for ps7_cortexa9_0
11:04:23 INFO  : Connected to target on host '127.0.0.1' and port '3121'.
11:04:23 INFO  : 'targets -set -filter {jtag_cable_name =~ "Digilent Zybo 210279655792A" && level==0} -index 1' command is executed.
11:04:24 INFO  : FPGA configured successfully with bitstream "C:/Users/mathi/Desktop/Kandidat/Embedded/Project/cannyProjectFolder/cannyproject/cannyproject.sdk/design_1_wrapper_hw_platform_0/design_1_wrapper.bit"
11:04:31 INFO  : Processor reset is completed for ps7_cortexa9_0
11:04:57 INFO  : Connected to target on host '127.0.0.1' and port '3121'.
11:04:57 INFO  : 'targets -set -filter {jtag_cable_name =~ "Digilent Zybo 210279655792A" && level==0} -index 1' command is executed.
11:04:58 INFO  : FPGA configured successfully with bitstream "C:/Users/mathi/Desktop/Kandidat/Embedded/Project/cannyProjectFolder/cannyproject/cannyproject.sdk/design_1_wrapper_hw_platform_0/design_1_wrapper.bit"
11:14:50 INFO  : Connected to target on host '127.0.0.1' and port '3121'.
11:14:51 INFO  : 'targets -set -filter {jtag_cable_name =~ "Digilent Zybo 210279655792A" && level==0} -index 1' command is executed.
11:14:53 INFO  : FPGA configured successfully with bitstream "C:/Users/mathi/Desktop/Kandidat/Embedded/Project/cannyProjectFolder/cannyproject/cannyproject.sdk/design_1_wrapper_hw_platform_0/design_1_wrapper.bit"
11:16:03 INFO  : ps7_init is completed.
11:16:04 INFO  : ps7_post_config is completed.
11:16:04 INFO  : Processor reset is completed for ps7_cortexa9_0
11:16:52 INFO  : Connected to target on host '127.0.0.1' and port '3121'.
11:16:52 INFO  : 'targets -set -filter {jtag_cable_name =~ "Digilent Zybo 210279655792A" && level==0} -index 1' command is executed.
11:16:54 INFO  : FPGA configured successfully with bitstream "C:/Users/mathi/Desktop/Kandidat/Embedded/Project/cannyProjectFolder/cannyproject/cannyproject.sdk/design_1_wrapper_hw_platform_0/design_1_wrapper.bit"
11:16:59 INFO  : ps7_init is completed.
11:16:59 INFO  : ps7_post_config is completed.
11:16:59 INFO  : Processor reset is completed for ps7_cortexa9_0
11:17:18 INFO  : Connected to target on host '127.0.0.1' and port '3121'.
11:17:18 INFO  : 'targets -set -filter {jtag_cable_name =~ "Digilent Zybo 210279655792A" && level==0} -index 1' command is executed.
11:17:19 INFO  : FPGA configured successfully with bitstream "C:/Users/mathi/Desktop/Kandidat/Embedded/Project/cannyProjectFolder/cannyproject/cannyproject.sdk/design_1_wrapper_hw_platform_0/design_1_wrapper.bit"
11:25:48 INFO  : Connected to target on host '127.0.0.1' and port '3121'.
11:25:48 INFO  : 'targets -set -filter {jtag_cable_name =~ "Digilent Zybo 210279655792A" && level==0} -index 1' command is executed.
11:25:49 INFO  : FPGA configured successfully with bitstream "C:/Users/mathi/Desktop/Kandidat/Embedded/Project/cannyProjectFolder/cannyproject/cannyproject.sdk/design_1_wrapper_hw_platform_0/design_1_wrapper.bit"
11:33:21 INFO  : Connected to target on host '127.0.0.1' and port '3121'.
11:33:21 INFO  : 'targets -set -filter {jtag_cable_name =~ "Digilent Zybo 210279655792A" && level==0} -index 1' command is executed.
11:33:22 INFO  : FPGA configured successfully with bitstream "C:/Users/mathi/Desktop/Kandidat/Embedded/Project/cannyProjectFolder/cannyproject/cannyproject.sdk/design_1_wrapper_hw_platform_0/design_1_wrapper.bit"
11:33:28 INFO  : Processor reset is completed for ps7_cortexa9_0
11:57:25 ERROR : Unexpected error while parsing XMD response ?: com.google.gson.JsonSyntaxException: com.google.gson.stream.MalformedJsonException: invalid number or unquoted string near 
12:39:38 INFO  : Registering command handlers for SDK TCF services
12:39:39 INFO  : Launching XSCT server: xsct.bat -interactive C:\Users\mathi\Desktop\Kandidat\Embedded\Project\cannyProjectFolder\cannyproject\cannyproject.sdk\temp_xsdb_launch_script.tcl
12:39:44 INFO  : XSCT server has started successfully.
12:39:47 INFO  : Successfully done setting XSCT server connection channel  
12:39:47 INFO  : Successfully done setting SDK workspace  
12:39:47 INFO  : Processing command line option -hwspec C:/Users/mathi/Desktop/Kandidat/Embedded/Project/cannyProjectFolder/cannyproject/cannyproject.sdk/design_1_wrapper.hdf.
12:39:47 INFO  : Checking for hwspec changes in the project design_1_wrapper_hw_platform_0.
12:45:19 INFO  : Connected to target on host '127.0.0.1' and port '3121'.
12:45:19 INFO  : 'targets -set -filter {jtag_cable_name =~ "Digilent Zybo 210279655792A" && level==0} -index 1' command is executed.
12:45:21 INFO  : FPGA configured successfully with bitstream "C:/Users/mathi/Desktop/Kandidat/Embedded/Project/cannyProjectFolder/cannyproject/cannyproject.sdk/design_1_wrapper_hw_platform_0/design_1_wrapper.bit"
12:45:58 INFO  : Connected to target on host '127.0.0.1' and port '3121'.
12:45:58 INFO  : 'targets -set -filter {jtag_cable_name =~ "Digilent Zybo 210279655792A" && level==0} -index 1' command is executed.
12:45:59 INFO  : FPGA configured successfully with bitstream "C:/Users/mathi/Desktop/Kandidat/Embedded/Project/cannyProjectFolder/cannyproject/cannyproject.sdk/design_1_wrapper_hw_platform_0/design_1_wrapper.bit"
12:46:15 INFO  : ps7_init is completed.
12:46:15 INFO  : ps7_post_config is completed.
12:46:15 INFO  : Processor reset is completed for ps7_cortexa9_0
12:47:59 INFO  : Connected to target on host '127.0.0.1' and port '3121'.
12:47:59 INFO  : 'targets -set -filter {jtag_cable_name =~ "Digilent Zybo 210279655792A" && level==0} -index 1' command is executed.
12:48:00 INFO  : FPGA configured successfully with bitstream "C:/Users/mathi/Desktop/Kandidat/Embedded/Project/cannyProjectFolder/cannyproject/cannyproject.sdk/design_1_wrapper_hw_platform_0/design_1_wrapper.bit"
12:48:06 INFO  : ps7_init is completed.
12:48:07 INFO  : ps7_post_config is completed.
12:48:07 INFO  : Processor reset is completed for ps7_cortexa9_0
12:48:44 INFO  : ps7_cortexa9_0 Processor is in use. Please stop existing Run or Debug sessions before launching.
12:48:48 INFO  : Processor reset is completed for ps7_cortexa9_0
12:52:56 INFO  : ps7_cortexa9_0 Processor is in use. Please stop existing Run or Debug sessions before launching.
12:52:57 INFO  : Processor reset is completed for ps7_cortexa9_0
13:10:46 INFO  : FPGA Cable Disconnected. All active launches will be terminated.
13:10:46 WARN  : Terminating existing sessions on processor ps7_cortexa9_0
16:42:57 ERROR : Unexpected error while parsing XMD response ?: com.google.gson.JsonSyntaxException: com.google.gson.stream.MalformedJsonException: invalid number or unquoted string near 
17:17:15 INFO  : Registering command handlers for SDK TCF services
17:17:15 INFO  : Launching XSCT server: xsct.bat -interactive C:\Users\mathi\Desktop\Kandidat\Embedded\Project\cannyProjectFolder\cannyproject\cannyproject.sdk\temp_xsdb_launch_script.tcl
17:17:19 INFO  : XSCT server has started successfully.
17:17:20 INFO  : Successfully done setting XSCT server connection channel  
17:17:20 INFO  : Successfully done setting SDK workspace  
17:17:20 INFO  : Processing command line option -hwspec C:/Users/mathi/Desktop/Kandidat/Embedded/Project/cannyProjectFolder/cannyproject/cannyproject.sdk/design_1_wrapper.hdf.
17:17:20 INFO  : Checking for hwspec changes in the project design_1_wrapper_hw_platform_0.
17:20:41 INFO  : Connected to target on host '127.0.0.1' and port '3121'.
17:20:41 INFO  : 'targets -set -filter {jtag_cable_name =~ "Digilent Zybo 210279655792A" && level==0} -index 1' command is executed.
17:20:43 INFO  : FPGA configured successfully with bitstream "C:/Users/mathi/Desktop/Kandidat/Embedded/Project/cannyProjectFolder/cannyproject/cannyproject.sdk/design_1_wrapper_hw_platform_0/design_1_wrapper.bit"
17:20:56 INFO  : ps7_init is completed.
17:20:56 INFO  : ps7_post_config is completed.
17:20:56 INFO  : Processor reset is completed for ps7_cortexa9_0
17:21:26 INFO  : Connected to target on host '127.0.0.1' and port '3121'.
17:21:26 INFO  : 'targets -set -filter {jtag_cable_name =~ "Digilent Zybo 210279655792A" && level==0} -index 1' command is executed.
17:21:27 INFO  : FPGA configured successfully with bitstream "C:/Users/mathi/Desktop/Kandidat/Embedded/Project/cannyProjectFolder/cannyproject/cannyproject.sdk/design_1_wrapper_hw_platform_0/design_1_wrapper.bit"
17:21:33 INFO  : Processor reset is completed for ps7_cortexa9_0
17:22:05 INFO  : Processor reset is completed for ps7_cortexa9_0
17:22:23 INFO  : Processor reset is completed for ps7_cortexa9_0
17:24:09 INFO  : ps7_cortexa9_0 Processor is in use. Please stop existing Run or Debug sessions before launching.
17:24:13 INFO  : Connected to target on host '127.0.0.1' and port '3121'.
17:24:13 INFO  : 'targets -set -filter {jtag_cable_name =~ "Digilent Zybo 210279655792A" && level==0} -index 1' command is executed.
17:24:14 INFO  : FPGA configured successfully with bitstream "C:/Users/mathi/Desktop/Kandidat/Embedded/Project/cannyProjectFolder/cannyproject/cannyproject.sdk/design_1_wrapper_hw_platform_0/design_1_wrapper.bit"
17:24:29 INFO  : ps7_cortexa9_0 Processor is in use. Please stop existing Run or Debug sessions before launching.
17:24:33 INFO  : Processor reset is completed for ps7_cortexa9_0
17:46:09 INFO  : FPGA Cable Disconnected. All active launches will be terminated.
17:46:09 WARN  : Terminating existing sessions on processor ps7_cortexa9_0
18:27:50 INFO  : Registering command handlers for SDK TCF services
18:27:50 INFO  : Launching XSCT server: xsct.bat -interactive C:\Users\mathi\Desktop\Kandidat\Embedded\Project\cannyProjectFolder\cannyproject\cannyproject.sdk\temp_xsdb_launch_script.tcl
18:27:56 INFO  : XSCT server has started successfully.
18:27:56 INFO  : Successfully done setting XSCT server connection channel  
18:28:00 INFO  : Successfully done setting SDK workspace  
18:28:00 INFO  : Processing command line option -hwspec C:/Users/mathi/Desktop/Kandidat/Embedded/Project/cannyProjectFolder/cannyproject/cannyproject.sdk/design_1_wrapper.hdf.
18:28:00 INFO  : Checking for hwspec changes in the project design_1_wrapper_hw_platform_0.
18:29:06 INFO  : Connected to target on host '127.0.0.1' and port '3121'.
18:29:06 INFO  : 'targets -set -filter {jtag_cable_name =~ "Digilent Zybo 210279655792A" && level==0} -index 1' command is executed.
18:29:07 INFO  : FPGA configured successfully with bitstream "C:/Users/mathi/Desktop/Kandidat/Embedded/Project/cannyProjectFolder/cannyproject/cannyproject.sdk/design_1_wrapper_hw_platform_0/design_1_wrapper.bit"
18:29:20 INFO  : Connected to target on host '127.0.0.1' and port '3121'.
18:29:20 INFO  : 'targets -set -filter {jtag_cable_name =~ "Digilent Zybo 210279655792A" && level==0} -index 1' command is executed.
18:29:21 INFO  : FPGA configured successfully with bitstream "C:/Users/mathi/Desktop/Kandidat/Embedded/Project/cannyProjectFolder/cannyproject/cannyproject.sdk/design_1_wrapper_hw_platform_0/design_1_wrapper.bit"
18:29:35 INFO  : ps7_init is completed.
18:29:35 INFO  : ps7_post_config is completed.
18:29:35 INFO  : Processor reset is completed for ps7_cortexa9_0
18:41:55 INFO  : Connected to target on host '127.0.0.1' and port '3121'.
18:41:55 INFO  : 'targets -set -filter {jtag_cable_name =~ "Digilent Zybo 210279655792A" && level==0} -index 1' command is executed.
18:41:57 INFO  : FPGA configured successfully with bitstream "C:/Users/mathi/Desktop/Kandidat/Embedded/Project/cannyProjectFolder/cannyproject/cannyproject.sdk/design_1_wrapper_hw_platform_0/design_1_wrapper.bit"
18:42:02 INFO  : ps7_cortexa9_0 Processor is in use. Please stop existing Run or Debug sessions before launching.
18:42:04 INFO  : Processor reset is completed for ps7_cortexa9_0
20:10:05 INFO  : FPGA Cable Disconnected. All active launches will be terminated.
20:10:05 WARN  : Terminating existing sessions on processor ps7_cortexa9_0
20:10:08 INFO  : Connected to target on host '127.0.0.1' and port '3121'.
20:10:15 INFO  : 'targets -set -filter {jtag_cable_name =~ "Digilent Zybo 210279655792A" && level==0} -index 1' command is executed.
20:10:16 INFO  : FPGA configured successfully with bitstream "C:/Users/mathi/Desktop/Kandidat/Embedded/Project/cannyProjectFolder/cannyproject/cannyproject.sdk/design_1_wrapper_hw_platform_0/design_1_wrapper.bit"
20:10:26 INFO  : ps7_init is completed.
20:10:26 INFO  : ps7_post_config is completed.
20:10:26 INFO  : Processor reset is completed for ps7_cortexa9_0
20:10:50 INFO  : Processor reset is completed for ps7_cortexa9_0
20:12:46 INFO  : Connected to target on host '127.0.0.1' and port '3121'.
20:12:46 INFO  : 'targets -set -filter {jtag_cable_name =~ "Digilent Zybo 210279655792A" && level==0} -index 1' command is executed.
20:12:47 INFO  : FPGA configured successfully with bitstream "C:/Users/mathi/Desktop/Kandidat/Embedded/Project/cannyProjectFolder/cannyproject/cannyproject.sdk/design_1_wrapper_hw_platform_0/design_1_wrapper.bit"
20:12:53 INFO  : Processor reset is completed for ps7_cortexa9_0
20:13:16 ERROR : Unexpected error while fetching XMD's response: 
java.net.SocketException: Connection reset
	at java.net.SocketInputStream.read(SocketInputStream.java:209)
	at java.net.SocketInputStream.read(SocketInputStream.java:141)
	at sun.nio.cs.StreamDecoder.readBytes(StreamDecoder.java:284)
	at sun.nio.cs.StreamDecoder.implRead(StreamDecoder.java:326)
	at sun.nio.cs.StreamDecoder.read(StreamDecoder.java:178)
	at java.io.InputStreamReader.read(InputStreamReader.java:184)
	at java.io.BufferedReader.fill(BufferedReader.java:161)
	at java.io.BufferedReader.read(BufferedReader.java:182)
	at com.xilinx.sdk.targetmanager.internal.json.XMDJSONProcess$CommandResultsReader.run(XMDJSONProcess.java:332)
	at java.lang.Thread.run(Thread.java:745)
20:13:16 ERROR : Zero sized response read from XMD. This indicates a communication error or a programming error.
07:10:56 INFO  : Launching XSCT server: xsct.bat -interactive C:\Users\mathi\Desktop\Kandidat\Embedded\Project\cannyProjectFolder\cannyproject\cannyproject.sdk\temp_xsdb_launch_script.tcl
07:11:00 INFO  : XSCT server has started successfully.
07:11:14 INFO  : Connected to target on host '127.0.0.1' and port '3121'.
07:11:15 INFO  : 'targets -set -filter {jtag_cable_name =~ "Digilent Zybo 210279655792A" && level==0} -index 1' command is executed.
07:11:16 INFO  : FPGA configured successfully with bitstream "C:/Users/mathi/Desktop/Kandidat/Embedded/Project/cannyProjectFolder/cannyproject/cannyproject.sdk/design_1_wrapper_hw_platform_0/design_1_wrapper.bit"
07:11:20 ERROR : Unexpected error while issuing command {"command": "xfpga_isconfigured -cable type xilinx_tcf url TCP:127.0.0.1:3121 "} to XMD: java.net.SocketException: Connection reset by peer: socket write error
07:11:20 ERROR : Checking FPGA configuration failed..
07:11:20 ERROR : Unexpected error while launching program.
com.xilinx.sdk.targetmanager.TMException: 
	at com.xilinx.sdk.targetmanager.internal.TM.isFPGAConfigured(TM.java:374)
	at com.xilinx.sdk.debug.core.XilinxAppLaunchConfigurationDelegate.isFpgaConfigured(XilinxAppLaunchConfigurationDelegate.java:409)
	at com.xilinx.sdk.debug.core.XilinxAppLaunchConfigurationDelegate.launch(XilinxAppLaunchConfigurationDelegate.java:303)
	at com.xilinx.sdk.debug.ui.XilinxAppLaunchDelegateWrapper.launch(XilinxAppLaunchDelegateWrapper.java:31)
	at org.eclipse.debug.internal.core.LaunchConfiguration.launch(LaunchConfiguration.java:885)
	at org.eclipse.debug.internal.core.LaunchConfiguration.launch(LaunchConfiguration.java:739)
	at org.eclipse.debug.internal.ui.DebugUIPlugin.buildAndLaunch(DebugUIPlugin.java:1039)
	at org.eclipse.debug.internal.ui.DebugUIPlugin$8.run(DebugUIPlugin.java:1256)
	at org.eclipse.core.internal.jobs.Worker.run(Worker.java:55)
07:11:49 ERROR : Unexpected error while issuing command {"command": "xfpga_isconfigured -cable type xilinx_tcf url TCP:127.0.0.1:3121 "} to XMD: java.net.SocketException: Connection reset by peer: socket write error
07:11:49 ERROR : Checking FPGA configuration failed..
07:11:49 ERROR : Unexpected error while launching program.
com.xilinx.sdk.targetmanager.TMException: 
	at com.xilinx.sdk.targetmanager.internal.TM.isFPGAConfigured(TM.java:374)
	at com.xilinx.sdk.debug.core.XilinxAppLaunchConfigurationDelegate.isFpgaConfigured(XilinxAppLaunchConfigurationDelegate.java:409)
	at com.xilinx.sdk.debug.core.XilinxAppLaunchConfigurationDelegate.launch(XilinxAppLaunchConfigurationDelegate.java:303)
	at com.xilinx.sdk.debug.ui.XilinxAppLaunchDelegateWrapper.launch(XilinxAppLaunchDelegateWrapper.java:31)
	at org.eclipse.debug.internal.core.LaunchConfiguration.launch(LaunchConfiguration.java:885)
	at org.eclipse.debug.internal.core.LaunchConfiguration.launch(LaunchConfiguration.java:739)
	at org.eclipse.debug.internal.ui.DebugUIPlugin.buildAndLaunch(DebugUIPlugin.java:1039)
	at org.eclipse.debug.internal.ui.DebugUIPlugin$8.run(DebugUIPlugin.java:1256)
	at org.eclipse.core.internal.jobs.Worker.run(Worker.java:55)
07:14:03 INFO  : Registering command handlers for SDK TCF services
07:14:03 INFO  : Launching XSCT server: xsct.bat -interactive C:\Users\mathi\Desktop\Kandidat\Embedded\Project\cannyProjectFolder\cannyproject\cannyproject.sdk\temp_xsdb_launch_script.tcl
07:14:07 INFO  : XSCT server has started successfully.
07:14:07 INFO  : Successfully done setting XSCT server connection channel  
07:14:08 INFO  : Successfully done setting SDK workspace  
07:14:08 INFO  : Processing command line option -hwspec C:/Users/mathi/Desktop/Kandidat/Embedded/Project/cannyProjectFolder/cannyproject/cannyproject.sdk/design_1_wrapper.hdf.
07:14:08 INFO  : Checking for hwspec changes in the project design_1_wrapper_hw_platform_0.
07:14:25 INFO  : Connected to target on host '127.0.0.1' and port '3121'.
07:14:26 INFO  : 'targets -set -filter {jtag_cable_name =~ "Digilent Zybo 210279655792A" && level==0} -index 1' command is executed.
07:14:27 INFO  : FPGA configured successfully with bitstream "C:/Users/mathi/Desktop/Kandidat/Embedded/Project/cannyProjectFolder/cannyproject/cannyproject.sdk/design_1_wrapper_hw_platform_0/design_1_wrapper.bit"
07:14:47 INFO  : ps7_init is completed.
07:14:47 INFO  : ps7_post_config is completed.
07:14:47 INFO  : Processor reset is completed for ps7_cortexa9_0
07:21:54 INFO  : Connected to target on host '127.0.0.1' and port '3121'.
07:21:55 INFO  : 'targets -set -filter {jtag_cable_name =~ "Digilent Zybo 210279655792A" && level==0} -index 1' command is executed.
07:21:56 INFO  : FPGA configured successfully with bitstream "C:/Users/mathi/Desktop/Kandidat/Embedded/Project/cannyProjectFolder/cannyproject/cannyproject.sdk/design_1_wrapper_hw_platform_0/design_1_wrapper.bit"
07:22:03 INFO  : ps7_init is completed.
07:22:04 INFO  : ps7_post_config is completed.
07:22:04 INFO  : Processor reset is completed for ps7_cortexa9_0
07:22:39 INFO  : Processor reset is completed for ps7_cortexa9_0
07:34:59 INFO  : Connected to target on host '127.0.0.1' and port '3121'.
07:34:59 INFO  : 'targets -set -filter {jtag_cable_name =~ "Digilent Zybo 210279655792A" && level==0} -index 1' command is executed.
07:35:00 INFO  : FPGA configured successfully with bitstream "C:/Users/mathi/Desktop/Kandidat/Embedded/Project/cannyProjectFolder/cannyproject/cannyproject.sdk/design_1_wrapper_hw_platform_0/design_1_wrapper.bit"
07:35:06 INFO  : ps7_init is completed.
07:35:06 INFO  : ps7_post_config is completed.
07:35:06 INFO  : Processor reset is completed for ps7_cortexa9_0
07:45:21 INFO  : ps7_cortexa9_0 Processor is in use. Please stop existing Run or Debug sessions before launching.
07:45:22 INFO  : Processor reset is completed for ps7_cortexa9_0
07:47:32 INFO  : Connected to target on host '127.0.0.1' and port '3121'.
07:47:32 INFO  : 'targets -set -filter {jtag_cable_name =~ "Digilent Zybo 210279655792A" && level==0} -index 1' command is executed.
07:47:33 INFO  : FPGA configured successfully with bitstream "C:/Users/mathi/Desktop/Kandidat/Embedded/Project/cannyProjectFolder/cannyproject/cannyproject.sdk/design_1_wrapper_hw_platform_0/design_1_wrapper.bit"
07:48:21 INFO  : Processor reset is completed for ps7_cortexa9_0
08:32:20 INFO  : Connected to target on host '127.0.0.1' and port '3121'.
08:32:26 INFO  : 'targets -set -filter {jtag_cable_name =~ "Digilent Zybo 210279655792A" && level==0} -index 1' command is executed.
08:32:28 INFO  : FPGA configured successfully with bitstream "C:/Users/mathi/Desktop/Kandidat/Embedded/Project/cannyProjectFolder/cannyproject/cannyproject.sdk/design_1_wrapper_hw_platform_0/design_1_wrapper.bit"
08:32:35 INFO  : ps7_init is completed.
08:32:35 INFO  : ps7_post_config is completed.
08:32:35 INFO  : Processor reset is completed for ps7_cortexa9_0
08:33:51 INFO  : Processor reset is completed for ps7_cortexa9_0
08:34:08 INFO  : FPGA Cable Disconnected. All active launches will be terminated.
09:22:07 INFO  : Connected to target on host '127.0.0.1' and port '3121'.
09:22:08 INFO  : 'targets -set -filter {jtag_cable_name =~ "Digilent Zybo 210279655792A" && level==0} -index 1' command is executed.
09:22:10 INFO  : FPGA configured successfully with bitstream "C:/Users/mathi/Desktop/Kandidat/Embedded/Project/cannyProjectFolder/cannyproject/cannyproject.sdk/design_1_wrapper_hw_platform_0/design_1_wrapper.bit"
09:22:23 INFO  : ps7_init is completed.
09:22:23 INFO  : ps7_post_config is completed.
09:22:23 INFO  : Processor reset is completed for ps7_cortexa9_0
09:22:43 INFO  : Processor reset is completed for ps7_cortexa9_0
09:42:48 INFO  : Connected to target on host '127.0.0.1' and port '3121'.
09:42:54 INFO  : 'targets -set -filter {jtag_cable_name =~ "Digilent Zybo 210279655792A" && level==0} -index 1' command is executed.
09:42:55 INFO  : FPGA configured successfully with bitstream "C:/Users/mathi/Desktop/Kandidat/Embedded/Project/cannyProjectFolder/cannyproject/cannyproject.sdk/design_1_wrapper_hw_platform_0/design_1_wrapper.bit"
09:43:43 INFO  : Connected to target on host '127.0.0.1' and port '3121'.
09:43:43 INFO  : 'targets -set -filter {jtag_cable_name =~ "Digilent Zybo 210279655792A" && level==0} -index 1' command is executed.
09:43:44 INFO  : FPGA configured successfully with bitstream "C:/Users/mathi/Desktop/Kandidat/Embedded/Project/cannyProjectFolder/cannyproject/cannyproject.sdk/design_1_wrapper_hw_platform_0/design_1_wrapper.bit"
09:43:49 INFO  : ps7_init is completed.
09:43:49 INFO  : ps7_post_config is completed.
09:43:49 INFO  : Processor reset is completed for ps7_cortexa9_0
09:50:55 INFO  : Connected to target on host '127.0.0.1' and port '3121'.
09:50:55 INFO  : 'targets -set -filter {jtag_cable_name =~ "Digilent Zybo 210279655792A" && level==0} -index 1' command is executed.
09:50:56 INFO  : FPGA configured successfully with bitstream "C:/Users/mathi/Desktop/Kandidat/Embedded/Project/cannyProjectFolder/cannyproject/cannyproject.sdk/design_1_wrapper_hw_platform_0/design_1_wrapper.bit"
09:51:02 INFO  : ps7_init is completed.
09:51:02 INFO  : ps7_post_config is completed.
09:51:02 INFO  : Processor reset is completed for ps7_cortexa9_0
09:59:21 INFO  : Connected to target on host '127.0.0.1' and port '3121'.
09:59:21 INFO  : 'targets -set -filter {jtag_cable_name =~ "Digilent Zybo 210279655792A" && level==0} -index 1' command is executed.
09:59:23 INFO  : FPGA configured successfully with bitstream "C:/Users/mathi/Desktop/Kandidat/Embedded/Project/cannyProjectFolder/cannyproject/cannyproject.sdk/design_1_wrapper_hw_platform_0/design_1_wrapper.bit"
09:59:29 INFO  : ps7_init is completed.
09:59:29 INFO  : ps7_post_config is completed.
09:59:29 INFO  : Processor reset is completed for ps7_cortexa9_0
10:10:37 INFO  : Connected to target on host '127.0.0.1' and port '3121'.
10:10:44 ERROR : 'targets -set -filter {jtag_cable_name =~ "Digilent Zybo 210279655792A" && level==0} -index 1' is cancelled.
10:10:44 INFO  : Issued abort command to xsdb.
10:10:48 INFO  : Connected to target on host '127.0.0.1' and port '3121'.
10:10:48 INFO  : 'targets -set -filter {jtag_cable_name =~ "Digilent Zybo 210279655792A" && level==0} -index 1' command is executed.
10:10:50 INFO  : FPGA configured successfully with bitstream "C:/Users/mathi/Desktop/Kandidat/Embedded/Project/cannyProjectFolder/cannyproject/cannyproject.sdk/design_1_wrapper_hw_platform_0/design_1_wrapper.bit"
10:10:59 INFO  : ps7_init is completed.
10:10:59 INFO  : ps7_post_config is completed.
10:10:59 INFO  : Processor reset is completed for ps7_cortexa9_0
10:11:37 INFO  : Processor reset is completed for ps7_cortexa9_0
10:28:04 ERROR : Unexpected error while parsing XMD response ?: com.google.gson.JsonSyntaxException: com.google.gson.stream.MalformedJsonException: invalid number or unquoted string near 
15:35:47 INFO  : Registering command handlers for SDK TCF services
15:35:48 INFO  : Launching XSCT server: xsct.bat -interactive C:\Users\mathi\Desktop\Kandidat\Embedded\Project\cannyProjectFolder\cannyproject\cannyproject.sdk\temp_xsdb_launch_script.tcl
15:35:54 INFO  : XSCT server has started successfully.
15:35:54 INFO  : Successfully done setting XSCT server connection channel  
15:35:58 INFO  : Successfully done setting SDK workspace  
15:35:58 INFO  : Processing command line option -hwspec C:/Users/mathi/Desktop/Kandidat/Embedded/Project/cannyProjectFolder/cannyproject/cannyproject.sdk/design_1_wrapper.hdf.
15:35:58 INFO  : Checking for hwspec changes in the project design_1_wrapper_hw_platform_0.
15:51:37 INFO  : Connected to target on host '127.0.0.1' and port '3121'.
15:51:40 INFO  : 'targets -set -filter {jtag_cable_name =~ "Digilent Zybo 210279655792A" && level==0} -index 1' command is executed.
15:51:41 INFO  : FPGA configured successfully with bitstream "C:/Users/mathi/Desktop/Kandidat/Embedded/Project/cannyProjectFolder/cannyproject/cannyproject.sdk/design_1_wrapper_hw_platform_0/design_1_wrapper.bit"
15:51:59 INFO  : ps7_init is completed.
15:52:00 INFO  : ps7_post_config is completed.
15:52:00 INFO  : Processor reset is completed for ps7_cortexa9_0
15:53:05 INFO  : Processor reset is completed for ps7_cortexa9_0
15:56:22 INFO  : Connected to target on host '127.0.0.1' and port '3121'.
15:56:22 INFO  : 'targets -set -filter {jtag_cable_name =~ "Digilent Zybo 210279655792A" && level==0} -index 1' command is executed.
15:56:23 INFO  : FPGA configured successfully with bitstream "C:/Users/mathi/Desktop/Kandidat/Embedded/Project/cannyProjectFolder/cannyproject/cannyproject.sdk/design_1_wrapper_hw_platform_0/design_1_wrapper.bit"
15:57:06 INFO  : Processor reset is completed for ps7_cortexa9_0
16:04:21 INFO  : ps7_cortexa9_0 Processor is in use. Please stop existing Run or Debug sessions before launching.
16:04:23 INFO  : Processor reset is completed for ps7_cortexa9_0
16:04:40 INFO  : FPGA Cable Disconnected. All active launches will be terminated.
16:04:49 INFO  : Connected to target on host '127.0.0.1' and port '3121'.
16:04:49 INFO  : 'targets -set -filter {jtag_cable_name =~ "Digilent Zybo 210279655792A" && level==0} -index 1' command is executed.
16:04:50 INFO  : FPGA configured successfully with bitstream "C:/Users/mathi/Desktop/Kandidat/Embedded/Project/cannyProjectFolder/cannyproject/cannyproject.sdk/design_1_wrapper_hw_platform_0/design_1_wrapper.bit"
16:04:59 INFO  : ps7_init is completed.
16:04:59 INFO  : ps7_post_config is completed.
16:04:59 INFO  : Processor reset is completed for ps7_cortexa9_0
16:13:39 INFO  : Connected to target on host '127.0.0.1' and port '3121'.
16:14:16 INFO  : ps7_init is completed.
16:14:16 INFO  : ps7_post_config is completed.
16:14:16 INFO  : Processor reset is completed for ps7_cortexa9_0
16:15:32 INFO  : Processor reset is completed for ps7_cortexa9_0
16:18:43 INFO  : ps7_cortexa9_0 Processor is in use. Please stop existing Run or Debug sessions before launching.
16:18:45 INFO  : Processor reset is completed for ps7_cortexa9_0
16:23:40 INFO  : Connected to target on host '127.0.0.1' and port '3121'.
16:23:40 INFO  : 'targets -set -filter {jtag_cable_name =~ "Digilent Zybo 210279655792A" && level==0} -index 1' command is executed.
16:23:41 INFO  : FPGA configured successfully with bitstream "C:/Users/mathi/Desktop/Kandidat/Embedded/Project/cannyProjectFolder/cannyproject/cannyproject.sdk/design_1_wrapper_hw_platform_0/design_1_wrapper.bit"
16:35:14 INFO  : Connected to target on host '127.0.0.1' and port '3121'.
16:35:20 INFO  : 'targets -set -filter {jtag_cable_name =~ "Digilent Zybo 210279655792A" && level==0} -index 1' command is executed.
16:35:21 INFO  : FPGA configured successfully with bitstream "C:/Users/mathi/Desktop/Kandidat/Embedded/Project/cannyProjectFolder/cannyproject/cannyproject.sdk/design_1_wrapper_hw_platform_0/design_1_wrapper.bit"
16:35:27 INFO  : ps7_init is completed.
16:35:27 INFO  : ps7_post_config is completed.
16:35:28 INFO  : Processor reset is completed for ps7_cortexa9_0
16:37:45 INFO  : Processor reset is completed for ps7_cortexa9_0
16:38:06 INFO  : Processor reset is completed for ps7_cortexa9_0
16:52:04 INFO  : Connected to target on host '127.0.0.1' and port '3121'.
16:52:10 INFO  : 'targets -set -filter {jtag_cable_name =~ "Digilent Zybo 210279655792A" && level==0} -index 1' command is executed.
16:52:11 INFO  : FPGA configured successfully with bitstream "C:/Users/mathi/Desktop/Kandidat/Embedded/Project/cannyProjectFolder/cannyproject/cannyproject.sdk/design_1_wrapper_hw_platform_0/design_1_wrapper.bit"
16:52:18 INFO  : ps7_init is completed.
16:52:18 INFO  : ps7_post_config is completed.
16:52:18 INFO  : Processor reset is completed for ps7_cortexa9_0
16:56:25 INFO  : Connected to target on host '127.0.0.1' and port '3121'.
16:56:27 INFO  : 'targets -set -filter {jtag_cable_name =~ "Digilent Zybo 210279655792A" && level==0} -index 1' command is executed.
16:56:28 INFO  : FPGA configured successfully with bitstream "C:/Users/mathi/Desktop/Kandidat/Embedded/Project/cannyProjectFolder/cannyproject/cannyproject.sdk/design_1_wrapper_hw_platform_0/design_1_wrapper.bit"
16:56:44 INFO  : ps7_init is completed.
16:56:45 INFO  : ps7_post_config is completed.
16:56:45 INFO  : Processor reset is completed for ps7_cortexa9_0
17:21:02 INFO  : Connected to target on host '127.0.0.1' and port '3121'.
17:21:02 INFO  : 'targets -set -filter {jtag_cable_name =~ "Digilent Zybo 210279655792A" && level==0} -index 1' command is executed.
17:21:04 INFO  : FPGA configured successfully with bitstream "C:/Users/mathi/Desktop/Kandidat/Embedded/Project/cannyProjectFolder/cannyproject/cannyproject.sdk/design_1_wrapper_hw_platform_0/design_1_wrapper.bit"
17:21:20 INFO  : Connected to target on host '127.0.0.1' and port '3121'.
17:21:20 INFO  : 'targets -set -filter {jtag_cable_name =~ "Digilent Zybo 210279655792A" && level==0} -index 1' command is executed.
17:21:21 INFO  : FPGA configured successfully with bitstream "C:/Users/mathi/Desktop/Kandidat/Embedded/Project/cannyProjectFolder/cannyproject/cannyproject.sdk/design_1_wrapper_hw_platform_0/design_1_wrapper.bit"
17:21:32 INFO  : ps7_init is completed.
17:21:32 INFO  : ps7_post_config is completed.
17:21:33 INFO  : Processor reset is completed for ps7_cortexa9_0
17:56:16 INFO  : Connected to target on host '127.0.0.1' and port '3121'.
17:56:22 INFO  : 'targets -set -filter {jtag_cable_name =~ "Digilent Zybo 210279655792A" && level==0} -index 1' command is executed.
17:56:23 INFO  : FPGA configured successfully with bitstream "C:/Users/mathi/Desktop/Kandidat/Embedded/Project/cannyProjectFolder/cannyproject/cannyproject.sdk/design_1_wrapper_hw_platform_0/design_1_wrapper.bit"
17:57:26 INFO  : Connected to target on host '127.0.0.1' and port '3121'.
17:57:26 INFO  : 'targets -set -filter {jtag_cable_name =~ "Digilent Zybo 210279655792A" && level==0} -index 1' command is executed.
17:57:28 INFO  : FPGA configured successfully with bitstream "C:/Users/mathi/Desktop/Kandidat/Embedded/Project/cannyProjectFolder/cannyproject/cannyproject.sdk/design_1_wrapper_hw_platform_0/design_1_wrapper.bit"
17:57:39 INFO  : ps7_init is completed.
17:57:39 INFO  : ps7_post_config is completed.
17:57:39 INFO  : Processor reset is completed for ps7_cortexa9_0
18:03:42 INFO  : Connected to target on host '127.0.0.1' and port '3121'.
18:03:48 INFO  : 'targets -set -filter {jtag_cable_name =~ "Digilent Zybo 210279655792A" && level==0} -index 1' command is executed.
18:03:50 INFO  : FPGA configured successfully with bitstream "C:/Users/mathi/Desktop/Kandidat/Embedded/Project/cannyProjectFolder/cannyproject/cannyproject.sdk/design_1_wrapper_hw_platform_0/design_1_wrapper.bit"
18:04:17 INFO  : ps7_init is completed.
18:04:17 INFO  : ps7_post_config is completed.
18:04:17 INFO  : Processor reset is completed for ps7_cortexa9_0
18:04:56 INFO  : Processor reset is completed for ps7_cortexa9_0
18:06:03 INFO  : Connected to target on host '127.0.0.1' and port '3121'.
18:06:03 INFO  : 'targets -set -filter {jtag_cable_name =~ "Digilent Zybo 210279655792A" && level==0} -index 1' command is executed.
18:06:04 INFO  : FPGA configured successfully with bitstream "C:/Users/mathi/Desktop/Kandidat/Embedded/Project/cannyProjectFolder/cannyproject/cannyproject.sdk/design_1_wrapper_hw_platform_0/design_1_wrapper.bit"
18:06:09 INFO  : Processor reset is completed for ps7_cortexa9_0
18:06:40 INFO  : Processor reset is completed for ps7_cortexa9_0
18:11:36 INFO  : Connected to target on host '127.0.0.1' and port '3121'.
18:11:36 INFO  : 'targets -set -filter {jtag_cable_name =~ "Digilent Zybo 210279655792A" && level==0} -index 1' command is executed.
18:11:37 INFO  : FPGA configured successfully with bitstream "C:/Users/mathi/Desktop/Kandidat/Embedded/Project/cannyProjectFolder/cannyproject/cannyproject.sdk/design_1_wrapper_hw_platform_0/design_1_wrapper.bit"
18:11:50 INFO  : ps7_init is completed.
18:11:50 INFO  : ps7_post_config is completed.
18:11:50 INFO  : Processor reset is completed for ps7_cortexa9_0
18:12:55 INFO  : Processor reset is completed for ps7_cortexa9_0
18:20:36 INFO  : Connected to target on host '127.0.0.1' and port '3121'.
18:20:38 INFO  : 'targets -set -filter {jtag_cable_name =~ "Digilent Zybo 210279655792A" && level==0} -index 1' command is executed.
18:20:39 INFO  : FPGA configured successfully with bitstream "C:/Users/mathi/Desktop/Kandidat/Embedded/Project/cannyProjectFolder/cannyproject/cannyproject.sdk/design_1_wrapper_hw_platform_0/design_1_wrapper.bit"
18:21:19 INFO  : ps7_init is completed.
18:21:19 INFO  : ps7_post_config is completed.
18:21:19 INFO  : Processor reset is completed for ps7_cortexa9_0
18:30:40 INFO  : Connected to target on host '127.0.0.1' and port '3121'.
18:30:46 INFO  : 'targets -set -filter {jtag_cable_name =~ "Digilent Zybo 210279655792A" && level==0} -index 1' command is executed.
18:30:47 INFO  : FPGA configured successfully with bitstream "C:/Users/mathi/Desktop/Kandidat/Embedded/Project/cannyProjectFolder/cannyproject/cannyproject.sdk/design_1_wrapper_hw_platform_0/design_1_wrapper.bit"
18:31:13 INFO  : ps7_init is completed.
18:31:14 INFO  : ps7_post_config is completed.
18:31:14 INFO  : Processor reset is completed for ps7_cortexa9_0
18:37:13 INFO  : Connected to target on host '127.0.0.1' and port '3121'.
18:37:14 INFO  : 'targets -set -filter {jtag_cable_name =~ "Digilent Zybo 210279655792A" && level==0} -index 1' command is executed.
18:37:16 INFO  : FPGA configured successfully with bitstream "C:/Users/mathi/Desktop/Kandidat/Embedded/Project/cannyProjectFolder/cannyproject/cannyproject.sdk/design_1_wrapper_hw_platform_0/design_1_wrapper.bit"
18:37:26 INFO  : ps7_init is completed.
18:37:26 INFO  : ps7_post_config is completed.
18:37:26 INFO  : Processor reset is completed for ps7_cortexa9_0
18:38:22 INFO  : FPGA Cable Disconnected. All active launches will be terminated.
18:38:22 WARN  : Terminating existing sessions on processor ps7_cortexa9_0
18:39:36 INFO  : Connected to target on host '127.0.0.1' and port '3121'.
18:39:38 INFO  : 'targets -set -filter {jtag_cable_name =~ "Digilent Zybo 210279655792A" && level==0} -index 1' command is executed.
18:39:39 INFO  : FPGA configured successfully with bitstream "C:/Users/mathi/Desktop/Kandidat/Embedded/Project/cannyProjectFolder/cannyproject/cannyproject.sdk/design_1_wrapper_hw_platform_0/design_1_wrapper.bit"
18:39:44 INFO  : Connected to target on host '127.0.0.1' and port '3121'.
18:39:44 INFO  : 'targets -set -filter {jtag_cable_name =~ "Digilent Zybo 210279655792A" && level==0} -index 1' command is executed.
18:39:45 INFO  : FPGA configured successfully with bitstream "C:/Users/mathi/Desktop/Kandidat/Embedded/Project/cannyProjectFolder/cannyproject/cannyproject.sdk/design_1_wrapper_hw_platform_0/design_1_wrapper.bit"
18:39:54 INFO  : ps7_init is completed.
18:39:54 INFO  : ps7_post_config is completed.
18:39:55 INFO  : Processor reset is completed for ps7_cortexa9_0
18:42:25 INFO  : Connected to target on host '127.0.0.1' and port '3121'.
18:42:59 INFO  : Connected to target on host '127.0.0.1' and port '3121'.
18:42:59 INFO  : 'targets -set -filter {jtag_cable_name =~ "Digilent Zybo 210279655792A" && level==0} -index 1' command is executed.
18:43:00 INFO  : FPGA configured successfully with bitstream "C:/Users/mathi/Desktop/Kandidat/Embedded/Project/cannyProjectFolder/cannyproject/cannyproject.sdk/design_1_wrapper_hw_platform_0/design_1_wrapper.bit"
18:43:08 INFO  : ps7_init is completed.
18:43:08 INFO  : ps7_post_config is completed.
18:43:08 INFO  : Processor reset is completed for ps7_cortexa9_0
18:44:09 INFO  : Processor reset is completed for ps7_cortexa9_0
18:46:52 ERROR : Unexpected error while parsing XMD response ?: com.google.gson.JsonSyntaxException: com.google.gson.stream.MalformedJsonException: invalid number or unquoted string near 
21:35:16 INFO  : Registering command handlers for SDK TCF services
21:35:16 INFO  : Launching XSCT server: xsct.bat -interactive C:\Users\mathi\Desktop\Kandidat\Embedded\Project\cannyProjectFolder\cannyproject\cannyproject.sdk\temp_xsdb_launch_script.tcl
21:35:20 INFO  : XSCT server has started successfully.
21:35:23 INFO  : Successfully done setting XSCT server connection channel  
21:35:23 INFO  : Successfully done setting SDK workspace  
21:35:23 INFO  : Processing command line option -hwspec C:/Users/mathi/Desktop/Kandidat/Embedded/Project/cannyProjectFolder/cannyproject/cannyproject.sdk/design_1_wrapper.hdf.
21:35:23 INFO  : Checking for hwspec changes in the project design_1_wrapper_hw_platform_0.
21:46:04 INFO  : Connected to target on host '127.0.0.1' and port '3121'.
21:46:05 INFO  : 'targets -set -filter {jtag_cable_name =~ "Digilent Zybo 210279655792A" && level==0} -index 1' command is executed.
21:46:06 INFO  : FPGA configured successfully with bitstream "C:/Users/mathi/Desktop/Kandidat/Embedded/Project/cannyProjectFolder/cannyproject/cannyproject.sdk/design_1_wrapper_hw_platform_0/design_1_wrapper.bit"
21:46:21 INFO  : ps7_init is completed.
21:46:21 INFO  : ps7_post_config is completed.
21:46:21 INFO  : Processor reset is completed for ps7_cortexa9_0
21:47:12 INFO  : Connected to target on host '127.0.0.1' and port '3121'.
21:47:12 INFO  : 'targets -set -filter {jtag_cable_name =~ "Digilent Zybo 210279655792A" && level==0} -index 1' command is executed.
21:47:13 INFO  : FPGA configured successfully with bitstream "C:/Users/mathi/Desktop/Kandidat/Embedded/Project/cannyProjectFolder/cannyproject/cannyproject.sdk/design_1_wrapper_hw_platform_0/design_1_wrapper.bit"
21:47:20 INFO  : ps7_init is completed.
21:47:20 INFO  : ps7_post_config is completed.
21:47:20 INFO  : Processor reset is completed for ps7_cortexa9_0
21:47:58 INFO  : Processor reset is completed for ps7_cortexa9_0
21:52:23 ERROR : Unexpected error while parsing XMD response ?: com.google.gson.JsonSyntaxException: com.google.gson.stream.MalformedJsonException: invalid number or unquoted string near 
08:12:44 INFO  : Registering command handlers for SDK TCF services
08:12:44 INFO  : Launching XSCT server: xsct.bat -interactive C:\Users\mathi\Desktop\Kandidat\Embedded\Project\cannyProjectFolder\cannyproject\cannyproject.sdk\temp_xsdb_launch_script.tcl
08:12:50 INFO  : XSCT server has started successfully.
08:12:52 INFO  : Successfully done setting XSCT server connection channel  
08:12:52 INFO  : Successfully done setting SDK workspace  
08:12:52 INFO  : Processing command line option -hwspec C:/Users/mathi/Desktop/Kandidat/Embedded/Project/cannyProjectFolder/cannyproject/cannyproject.sdk/design_1_wrapper.hdf.
08:12:52 INFO  : Checking for hwspec changes in the project design_1_wrapper_hw_platform_0.
08:45:20 INFO  : Connected to target on host '127.0.0.1' and port '3121'.
08:45:20 INFO  : 'targets -set -filter {jtag_cable_name =~ "Digilent Zybo 210279655792A" && level==0} -index 1' command is executed.
08:45:22 INFO  : FPGA configured successfully with bitstream "C:/Users/mathi/Desktop/Kandidat/Embedded/Project/cannyProjectFolder/cannyproject/cannyproject.sdk/design_1_wrapper_hw_platform_0/design_1_wrapper.bit"
08:45:37 INFO  : ps7_init is completed.
08:45:37 INFO  : ps7_post_config is completed.
08:45:37 INFO  : Processor reset is completed for ps7_cortexa9_0
09:00:55 INFO  : Connected to target on host '127.0.0.1' and port '3121'.
09:01:29 INFO  : Connected to target on host '127.0.0.1' and port '3121'.
09:01:35 INFO  : 'targets -set -filter {jtag_cable_name =~ "Digilent Zybo 210279655792A" && level==0} -index 1' command is executed.
09:01:36 INFO  : FPGA configured successfully with bitstream "C:/Users/mathi/Desktop/Kandidat/Embedded/Project/cannyProjectFolder/cannyproject/cannyproject.sdk/design_1_wrapper_hw_platform_0/design_1_wrapper.bit"
09:02:17 INFO  : ps7_init is completed.
09:02:17 INFO  : ps7_post_config is completed.
09:02:17 INFO  : Processor reset is completed for ps7_cortexa9_0
09:02:59 INFO  : Processor reset is completed for ps7_cortexa9_0
09:14:56 INFO  : Connected to target on host '127.0.0.1' and port '3121'.
09:14:57 INFO  : 'targets -set -filter {jtag_cable_name =~ "Digilent Zybo 210279655792A" && level==0} -index 1' command is executed.
09:14:58 INFO  : FPGA configured successfully with bitstream "C:/Users/mathi/Desktop/Kandidat/Embedded/Project/cannyProjectFolder/cannyproject/cannyproject.sdk/design_1_wrapper_hw_platform_0/design_1_wrapper.bit"
09:15:12 INFO  : ps7_init is completed.
09:15:12 INFO  : ps7_post_config is completed.
09:15:12 INFO  : Processor reset is completed for ps7_cortexa9_0
09:36:26 INFO  : Connected to target on host '127.0.0.1' and port '3121'.
09:36:33 INFO  : 'targets -set -filter {jtag_cable_name =~ "Digilent Zybo 210279655792A" && level==0} -index 1' command is executed.
09:36:34 INFO  : FPGA configured successfully with bitstream "C:/Users/mathi/Desktop/Kandidat/Embedded/Project/cannyProjectFolder/cannyproject/cannyproject.sdk/design_1_wrapper_hw_platform_0/design_1_wrapper.bit"
09:38:27 ERROR : Unexpected error while parsing XMD response ?: com.google.gson.JsonSyntaxException: com.google.gson.stream.MalformedJsonException: invalid number or unquoted string near 
09:38:45 INFO  : Registering command handlers for SDK TCF services
09:38:45 INFO  : Launching XSCT server: xsct.bat -interactive C:\Users\mathi\Desktop\Kandidat\Embedded\Project\cannyProjectFolder\cannyproject\cannyproject.sdk\temp_xsdb_launch_script.tcl
09:38:48 INFO  : XSCT server has started successfully.
09:38:49 INFO  : Successfully done setting XSCT server connection channel  
09:38:49 INFO  : Successfully done setting SDK workspace  
09:38:49 INFO  : Processing command line option -hwspec C:/Users/mathi/Desktop/Kandidat/Embedded/Project/cannyProjectFolder/cannyproject/cannyproject.sdk/design_1_wrapper.hdf.
09:38:49 INFO  : Checking for hwspec changes in the project design_1_wrapper_hw_platform_0.
20:46:06 INFO  : Registering command handlers for SDK TCF services
20:46:06 INFO  : Launching XSCT server: xsct.bat -interactive C:\Users\mathi\Desktop\Kandidat\Embedded\Project\cannyProjectFolder\cannyproject\cannyproject.sdk\temp_xsdb_launch_script.tcl
20:46:12 INFO  : XSCT server has started successfully.
20:46:16 INFO  : Successfully done setting XSCT server connection channel  
20:46:16 INFO  : Successfully done setting SDK workspace  
20:46:16 INFO  : Processing command line option -hwspec C:/Users/mathi/Desktop/Kandidat/Embedded/Project/cannyProjectFolder/cannyproject/cannyproject.sdk/design_1_wrapper.hdf.
20:46:16 INFO  : Checking for hwspec changes in the project design_1_wrapper_hw_platform_0.
21:42:16 INFO  : Registering command handlers for SDK TCF services
21:42:16 INFO  : Launching XSCT server: xsct.bat -interactive C:\Users\mathi\Desktop\Kandidat\Embedded\Project\cannyProjectFolder\cannyproject\cannyproject.sdk\temp_xsdb_launch_script.tcl
21:42:19 INFO  : XSCT server has started successfully.
21:42:19 INFO  : Successfully done setting XSCT server connection channel  
21:42:20 INFO  : Successfully done setting SDK workspace  
21:42:20 INFO  : Processing command line option -hwspec C:/Users/mathi/Desktop/Kandidat/Embedded/Project/cannyProjectFolder/cannyproject/cannyproject.sdk/design_1_wrapper.hdf.
21:42:20 INFO  : Checking for hwspec changes in the project design_1_wrapper_hw_platform_0.
10:17:06 INFO  : Registering command handlers for SDK TCF services
10:17:07 INFO  : Launching XSCT server: xsct.bat -interactive C:\Users\mathi\Desktop\Kandidat\Embedded\Project\cannyProjectFolder\cannyproject\cannyproject.sdk\temp_xsdb_launch_script.tcl
10:17:23 INFO  : XSCT server has started successfully.
10:17:23 INFO  : Successfully done setting XSCT server connection channel  
10:17:32 INFO  : Successfully done setting SDK workspace  
10:17:32 INFO  : Processing command line option -hwspec C:/Users/mathi/Desktop/Kandidat/Embedded/Project/cannyProjectFolder/cannyproject/cannyproject.sdk/design_1_wrapper.hdf.
10:17:33 INFO  : Checking for hwspec changes in the project design_1_wrapper_hw_platform_0.
18:13:52 INFO  : Registering command handlers for SDK TCF services
18:13:52 INFO  : Launching XSCT server: xsct.bat -interactive C:\Users\mathi\Desktop\Kandidat\Embedded\Project\cannyProjectFolder\cannyproject\cannyproject.sdk\temp_xsdb_launch_script.tcl
18:13:58 INFO  : XSCT server has started successfully.
18:14:01 INFO  : Successfully done setting XSCT server connection channel  
18:14:01 INFO  : Successfully done setting SDK workspace  
18:14:01 INFO  : Processing command line option -hwspec C:/Users/mathi/Desktop/Kandidat/Embedded/Project/cannyProjectFolder/cannyproject/cannyproject.sdk/design_1_wrapper.hdf.
18:14:01 INFO  : Checking for hwspec changes in the project design_1_wrapper_hw_platform_0.
18:14:41 INFO  : Connected to target on host '127.0.0.1' and port '3121'.
18:14:42 INFO  : 'targets -set -filter {jtag_cable_name =~ "Digilent Zybo 210279655792A" && level==0} -index 1' command is executed.
18:14:43 INFO  : FPGA configured successfully with bitstream "C:/Users/mathi/Desktop/Kandidat/Embedded/Project/cannyProjectFolder/cannyproject/cannyproject.sdk/design_1_wrapper_hw_platform_0/design_1_wrapper.bit"
18:15:01 INFO  : ps7_init is completed.
18:15:01 INFO  : ps7_post_config is completed.
18:15:01 INFO  : Processor reset is completed for ps7_cortexa9_0
18:16:17 INFO  : Processor reset is completed for ps7_cortexa9_0
18:28:44 ERROR : Unexpected error while fetching XMD's response: 
java.net.SocketException: Connection reset
	at java.net.SocketInputStream.read(SocketInputStream.java:209)
	at java.net.SocketInputStream.read(SocketInputStream.java:141)
	at sun.nio.cs.StreamDecoder.readBytes(StreamDecoder.java:284)
	at sun.nio.cs.StreamDecoder.implRead(StreamDecoder.java:326)
	at sun.nio.cs.StreamDecoder.read(StreamDecoder.java:178)
	at java.io.InputStreamReader.read(InputStreamReader.java:184)
	at java.io.BufferedReader.fill(BufferedReader.java:161)
	at java.io.BufferedReader.read(BufferedReader.java:182)
	at com.xilinx.sdk.targetmanager.internal.json.XMDJSONProcess$CommandResultsReader.run(XMDJSONProcess.java:332)
	at java.lang.Thread.run(Thread.java:745)
18:28:44 ERROR : Zero sized response read from XMD. This indicates a communication error or a programming error.
12:57:02 INFO  : Registering command handlers for SDK TCF services
12:57:02 INFO  : Launching XSCT server: xsct.bat -interactive C:\Users\mathi\Desktop\Kandidat\Embedded\Project\cannyProjectFolder\cannyproject\cannyproject.sdk\temp_xsdb_launch_script.tcl
12:57:06 INFO  : XSCT server has started successfully.
12:57:06 INFO  : Successfully done setting XSCT server connection channel  
12:57:09 INFO  : Successfully done setting SDK workspace  
12:57:09 INFO  : Processing command line option -hwspec C:/Users/mathi/Desktop/Kandidat/Embedded/Project/cannyProjectFolder/cannyproject/cannyproject.sdk/design_1_wrapper.hdf.
12:57:09 INFO  : Checking for hwspec changes in the project design_1_wrapper_hw_platform_0.
13:00:37 INFO  : Connected to target on host '127.0.0.1' and port '3121'.
13:00:38 INFO  : 'targets -set -filter {jtag_cable_name =~ "Digilent Zybo 210279655792A" && level==0} -index 1' command is executed.
13:00:39 INFO  : FPGA configured successfully with bitstream "C:/Users/mathi/Desktop/Kandidat/Embedded/Project/cannyProjectFolder/cannyproject/cannyproject.sdk/design_1_wrapper_hw_platform_0/design_1_wrapper.bit"
13:00:53 INFO  : ps7_init is completed.
13:00:53 INFO  : ps7_post_config is completed.
13:00:53 INFO  : Processor reset is completed for ps7_cortexa9_0
13:02:42 INFO  : Processor reset is completed for ps7_cortexa9_0
13:03:55 INFO  : Processor reset is completed for ps7_cortexa9_0
13:12:38 INFO  : Connected to target on host '127.0.0.1' and port '3121'.
13:12:41 INFO  : 'targets -set -filter {jtag_cable_name =~ "Digilent Zybo 210279655792A" && level==0} -index 1' command is executed.
13:12:42 INFO  : FPGA configured successfully with bitstream "C:/Users/mathi/Desktop/Kandidat/Embedded/Project/cannyProjectFolder/cannyproject/cannyproject.sdk/design_1_wrapper_hw_platform_0/design_1_wrapper.bit"
13:12:48 INFO  : ps7_init is completed.
13:12:48 INFO  : ps7_post_config is completed.
13:12:49 INFO  : Processor reset is completed for ps7_cortexa9_0
13:13:25 INFO  : ps7_cortexa9_0 Processor is in use. Please stop existing Run or Debug sessions before launching.
13:13:28 INFO  : Processor reset is completed for ps7_cortexa9_0
13:15:00 INFO  : Processor reset is completed for ps7_cortexa9_0
13:21:33 INFO  : Connected to target on host '127.0.0.1' and port '3121'.
13:21:33 INFO  : 'targets -set -filter {jtag_cable_name =~ "Digilent Zybo 210279655792A" && level==0} -index 1' command is executed.
13:21:35 INFO  : FPGA configured successfully with bitstream "C:/Users/mathi/Desktop/Kandidat/Embedded/Project/cannyProjectFolder/cannyproject/cannyproject.sdk/design_1_wrapper_hw_platform_0/design_1_wrapper.bit"
13:21:59 INFO  : Processor reset is completed for ps7_cortexa9_0
13:22:38 INFO  : Processor reset is completed for ps7_cortexa9_0
13:26:56 INFO  : Connected to target on host '127.0.0.1' and port '3121'.
13:27:02 INFO  : 'targets -set -filter {jtag_cable_name =~ "Digilent Zybo 210279655792A" && level==0} -index 1' command is executed.
13:27:03 INFO  : FPGA configured successfully with bitstream "C:/Users/mathi/Desktop/Kandidat/Embedded/Project/cannyProjectFolder/cannyproject/cannyproject.sdk/design_1_wrapper_hw_platform_0/design_1_wrapper.bit"
13:27:37 INFO  : ps7_init is completed.
13:27:37 INFO  : ps7_post_config is completed.
13:27:37 INFO  : Processor reset is completed for ps7_cortexa9_0
13:31:09 INFO  : Connected to target on host '127.0.0.1' and port '3121'.
13:31:09 INFO  : 'targets -set -filter {jtag_cable_name =~ "Digilent Zybo 210279655792A" && level==0} -index 1' command is executed.
13:31:10 INFO  : FPGA configured successfully with bitstream "C:/Users/mathi/Desktop/Kandidat/Embedded/Project/cannyProjectFolder/cannyproject/cannyproject.sdk/design_1_wrapper_hw_platform_0/design_1_wrapper.bit"
13:31:19 INFO  : Processor reset is completed for ps7_cortexa9_0
13:32:32 INFO  : Connected to target on host '127.0.0.1' and port '3121'.
13:32:32 INFO  : 'targets -set -filter {jtag_cable_name =~ "Digilent Zybo 210279655792A" && level==0} -index 1' command is executed.
13:32:34 INFO  : FPGA configured successfully with bitstream "C:/Users/mathi/Desktop/Kandidat/Embedded/Project/cannyProjectFolder/cannyproject/cannyproject.sdk/design_1_wrapper_hw_platform_0/design_1_wrapper.bit"
13:32:39 INFO  : ps7_cortexa9_0 Processor is in use. Please stop existing Run or Debug sessions before launching.
13:32:44 INFO  : Processor reset is completed for ps7_cortexa9_0
13:33:24 INFO  : FPGA Cable Disconnected. All active launches will be terminated.
13:33:36 INFO  : Connected to target on host '127.0.0.1' and port '3121'.
13:34:50 INFO  : Connected to target on host '127.0.0.1' and port '3121'.
13:34:50 INFO  : 'targets -set -filter {jtag_cable_name =~ "Digilent Zybo 210279655792A" && level==0} -index 1' command is executed.
13:34:51 INFO  : FPGA configured successfully with bitstream "C:/Users/mathi/Desktop/Kandidat/Embedded/Project/cannyProjectFolder/cannyproject/cannyproject.sdk/design_1_wrapper_hw_platform_0/design_1_wrapper.bit"
13:35:06 INFO  : ps7_init is completed.
13:35:06 INFO  : ps7_post_config is completed.
13:35:06 INFO  : Processor reset is completed for ps7_cortexa9_0
13:41:24 INFO  : Connected to target on host '127.0.0.1' and port '3121'.
13:41:24 INFO  : 'targets -set -filter {jtag_cable_name =~ "Digilent Zybo 210279655792A" && level==0} -index 1' command is executed.
13:41:26 INFO  : FPGA configured successfully with bitstream "C:/Users/mathi/Desktop/Kandidat/Embedded/Project/cannyProjectFolder/cannyproject/cannyproject.sdk/design_1_wrapper_hw_platform_0/design_1_wrapper.bit"
13:41:32 INFO  : ps7_init is completed.
13:41:33 INFO  : ps7_post_config is completed.
13:41:33 INFO  : Processor reset is completed for ps7_cortexa9_0
13:48:24 INFO  : Connected to target on host '127.0.0.1' and port '3121'.
13:48:24 INFO  : 'targets -set -filter {jtag_cable_name =~ "Digilent Zybo 210279655792A" && level==0} -index 1' command is executed.
13:48:25 INFO  : FPGA configured successfully with bitstream "C:/Users/mathi/Desktop/Kandidat/Embedded/Project/cannyProjectFolder/cannyproject/cannyproject.sdk/design_1_wrapper_hw_platform_0/design_1_wrapper.bit"
13:48:38 INFO  : ps7_init is completed.
13:48:38 INFO  : ps7_post_config is completed.
13:48:39 INFO  : Processor reset is completed for ps7_cortexa9_0
13:49:02 INFO  : Processor reset is completed for ps7_cortexa9_0
13:49:33 INFO  : Connected to target on host '127.0.0.1' and port '3121'.
13:49:33 INFO  : 'targets -set -filter {jtag_cable_name =~ "Digilent Zybo 210279655792A" && level==0} -index 1' command is executed.
13:49:34 INFO  : FPGA configured successfully with bitstream "C:/Users/mathi/Desktop/Kandidat/Embedded/Project/cannyProjectFolder/cannyproject/cannyproject.sdk/design_1_wrapper_hw_platform_0/design_1_wrapper.bit"
13:49:40 INFO  : Processor reset is completed for ps7_cortexa9_0
13:50:23 INFO  : Processor reset is completed for ps7_cortexa9_0
13:54:28 INFO  : Connected to target on host '127.0.0.1' and port '3121'.
13:54:28 INFO  : 'targets -set -filter {jtag_cable_name =~ "Digilent Zybo 210279655792A" && level==0} -index 1' command is executed.
13:54:29 INFO  : FPGA configured successfully with bitstream "C:/Users/mathi/Desktop/Kandidat/Embedded/Project/cannyProjectFolder/cannyproject/cannyproject.sdk/design_1_wrapper_hw_platform_0/design_1_wrapper.bit"
13:54:53 INFO  : Connected to target on host '127.0.0.1' and port '3121'.
13:54:53 INFO  : 'targets -set -filter {jtag_cable_name =~ "Digilent Zybo 210279655792A" && level==0} -index 1' command is executed.
13:54:54 INFO  : FPGA configured successfully with bitstream "C:/Users/mathi/Desktop/Kandidat/Embedded/Project/cannyProjectFolder/cannyproject/cannyproject.sdk/design_1_wrapper_hw_platform_0/design_1_wrapper.bit"
13:54:59 INFO  : ps7_init is completed.
13:54:59 INFO  : ps7_post_config is completed.
13:55:00 INFO  : Processor reset is completed for ps7_cortexa9_0
14:00:46 ERROR : Unexpected error while parsing XMD response ?: com.google.gson.JsonSyntaxException: com.google.gson.stream.MalformedJsonException: invalid number or unquoted string near 
15:31:03 INFO  : Registering command handlers for SDK TCF services
15:31:04 INFO  : Launching XSCT server: xsct.bat -interactive C:\Users\mathi\Desktop\Kandidat\Embedded\Project\cannyProjectFolder\cannyproject\cannyproject.sdk\temp_xsdb_launch_script.tcl
15:31:08 INFO  : XSCT server has started successfully.
15:31:11 INFO  : Successfully done setting XSCT server connection channel  
15:31:11 INFO  : Successfully done setting SDK workspace  
15:31:11 INFO  : Processing command line option -hwspec C:/Users/mathi/Desktop/Kandidat/Embedded/Project/cannyProjectFolder/cannyproject/cannyproject.sdk/design_1_wrapper.hdf.
15:31:11 INFO  : Checking for hwspec changes in the project design_1_wrapper_hw_platform_0.
15:53:15 INFO  : Connected to target on host '127.0.0.1' and port '3121'.
15:53:16 INFO  : 'targets -set -filter {jtag_cable_name =~ "Digilent Zybo 210279655792A" && level==0} -index 1' command is executed.
15:53:17 INFO  : FPGA configured successfully with bitstream "C:/Users/mathi/Desktop/Kandidat/Embedded/Project/cannyProjectFolder/cannyproject/cannyproject.sdk/design_1_wrapper_hw_platform_0/design_1_wrapper.bit"
15:53:52 INFO  : ps7_init is completed.
15:53:52 INFO  : ps7_post_config is completed.
15:53:52 INFO  : Processor reset is completed for ps7_cortexa9_0
15:54:51 INFO  : Processor reset is completed for ps7_cortexa9_0
16:38:42 INFO  : Connected to target on host '127.0.0.1' and port '3121'.
16:38:45 INFO  : 'targets -set -filter {jtag_cable_name =~ "Digilent Zybo 210279655792A" && level==0} -index 1' command is executed.
16:38:46 INFO  : FPGA configured successfully with bitstream "C:/Users/mathi/Desktop/Kandidat/Embedded/Project/cannyProjectFolder/cannyproject/cannyproject.sdk/design_1_wrapper_hw_platform_0/design_1_wrapper.bit"
16:39:03 INFO  : Connected to target on host '127.0.0.1' and port '3121'.
16:39:04 INFO  : 'targets -set -filter {jtag_cable_name =~ "Digilent Zybo 210279655792A" && level==0} -index 1' command is executed.
16:39:05 INFO  : FPGA configured successfully with bitstream "C:/Users/mathi/Desktop/Kandidat/Embedded/Project/cannyProjectFolder/cannyproject/cannyproject.sdk/design_1_wrapper_hw_platform_0/design_1_wrapper.bit"
16:39:12 INFO  : ps7_init is completed.
16:39:12 INFO  : ps7_post_config is completed.
16:39:12 INFO  : Processor reset is completed for ps7_cortexa9_0
16:41:29 INFO  : Connected to target on host '127.0.0.1' and port '3121'.
16:41:35 INFO  : 'targets -set -filter {jtag_cable_name =~ "Digilent Zybo 210279655792A" && level==0} -index 1' command is executed.
16:41:37 INFO  : FPGA configured successfully with bitstream "C:/Users/mathi/Desktop/Kandidat/Embedded/Project/cannyProjectFolder/cannyproject/cannyproject.sdk/design_1_wrapper_hw_platform_0/design_1_wrapper.bit"
16:41:45 INFO  : ps7_init is completed.
16:41:45 INFO  : ps7_post_config is completed.
16:41:45 INFO  : Processor reset is completed for ps7_cortexa9_0
16:44:13 INFO  : Connected to target on host '127.0.0.1' and port '3121'.
16:44:13 INFO  : 'targets -set -filter {jtag_cable_name =~ "Digilent Zybo 210279655792A" && level==0} -index 1' command is executed.
16:44:15 INFO  : FPGA configured successfully with bitstream "C:/Users/mathi/Desktop/Kandidat/Embedded/Project/cannyProjectFolder/cannyproject/cannyproject.sdk/design_1_wrapper_hw_platform_0/design_1_wrapper.bit"
16:44:21 INFO  : Processor reset is completed for ps7_cortexa9_0
16:45:18 INFO  : ps7_cortexa9_0 Processor is in use. Please stop existing Run or Debug sessions before launching.
16:45:20 INFO  : Processor reset is completed for ps7_cortexa9_0
16:49:08 INFO  : Connected to target on host '127.0.0.1' and port '3121'.
16:49:08 INFO  : 'targets -set -filter {jtag_cable_name =~ "Digilent Zybo 210279655792A" && level==0} -index 1' command is executed.
16:49:09 INFO  : FPGA configured successfully with bitstream "C:/Users/mathi/Desktop/Kandidat/Embedded/Project/cannyProjectFolder/cannyproject/cannyproject.sdk/design_1_wrapper_hw_platform_0/design_1_wrapper.bit"
16:49:16 INFO  : Processor reset is completed for ps7_cortexa9_0
16:56:35 INFO  : FPGA Cable Disconnected. All active launches will be terminated.
16:56:39 INFO  : Connected to target on host '127.0.0.1' and port '3121'.
16:56:45 INFO  : 'targets -set -filter {jtag_cable_name =~ "Digilent Zybo 210279655792A" && level==0} -index 1' command is executed.
16:56:46 INFO  : FPGA configured successfully with bitstream "C:/Users/mathi/Desktop/Kandidat/Embedded/Project/cannyProjectFolder/cannyproject/cannyproject.sdk/design_1_wrapper_hw_platform_0/design_1_wrapper.bit"
16:56:57 INFO  : ps7_init is completed.
16:56:57 INFO  : ps7_post_config is completed.
16:56:58 INFO  : Processor reset is completed for ps7_cortexa9_0
17:04:56 ERROR : Unexpected error while parsing XMD response ?: com.google.gson.JsonSyntaxException: com.google.gson.stream.MalformedJsonException: invalid number or unquoted string near 
