
*** Running vivado
    with args -log design_1_processing_system7_0_0.vds -m64 -product Vivado -mode batch -messageDb vivado.pb -notrace -source design_1_processing_system7_0_0.tcl


****** Vivado v2017.2 (64-bit)
  **** SW Build 1909853 on Thu Jun 15 18:39:09 MDT 2017
  **** IP Build 1909766 on Thu Jun 15 19:58:00 MDT 2017
    ** Copyright 1986-2017 Xilinx, Inc. All Rights Reserved.

source design_1_processing_system7_0_0.tcl -notrace
Starting RTL Elaboration : Time (s): cpu = 00:00:07 ; elapsed = 00:00:08 . Memory (MB): peak = 321.641 ; gain = 81.195
INFO: [Synth 8-638] synthesizing module 'design_1_processing_system7_0_0' [c:/Users/mathi/Desktop/Kandidat/Embedded/Project/cannyProjectFolder/cannyproject/cannyproject.srcs/sources_1/bd/design_1/ip/design_1_processing_system7_0_0/synth/design_1_processing_system7_0_0.v:60]
INFO: [Synth 8-638] synthesizing module 'processing_system7_v5_5_processing_system7' [c:/Users/mathi/Desktop/Kandidat/Embedded/Project/cannyProjectFolder/cannyproject/cannyproject.srcs/sources_1/bd/design_1/ip/design_1_processing_system7_0_0/hdl/verilog/processing_system7_v5_5_processing_system7.v:161]
INFO: [Synth 8-638] synthesizing module 'BUFG' [D:/Uni/VIVADO/Vivado/2017.2/scripts/rt/data/unisim_comp.v:607]
INFO: [Synth 8-256] done synthesizing module 'BUFG' (1#1) [D:/Uni/VIVADO/Vivado/2017.2/scripts/rt/data/unisim_comp.v:607]
INFO: [Synth 8-638] synthesizing module 'BIBUF' [D:/Uni/VIVADO/Vivado/2017.2/scripts/rt/data/unisim_comp.v:268]
INFO: [Synth 8-256] done synthesizing module 'BIBUF' (2#1) [D:/Uni/VIVADO/Vivado/2017.2/scripts/rt/data/unisim_comp.v:268]
INFO: [Synth 8-638] synthesizing module 'PS7' [D:/Uni/VIVADO/Vivado/2017.2/scripts/rt/data/unisim_comp.v:33527]
INFO: [Synth 8-256] done synthesizing module 'PS7' (3#1) [D:/Uni/VIVADO/Vivado/2017.2/scripts/rt/data/unisim_comp.v:33527]
INFO: [Synth 8-256] done synthesizing module 'processing_system7_v5_5_processing_system7' (4#1) [c:/Users/mathi/Desktop/Kandidat/Embedded/Project/cannyProjectFolder/cannyproject/cannyproject.srcs/sources_1/bd/design_1/ip/design_1_processing_system7_0_0/hdl/verilog/processing_system7_v5_5_processing_system7.v:161]
INFO: [Synth 8-256] done synthesizing module 'design_1_processing_system7_0_0' (5#1) [c:/Users/mathi/Desktop/Kandidat/Embedded/Project/cannyProjectFolder/cannyproject/cannyproject.srcs/sources_1/bd/design_1/ip/design_1_processing_system7_0_0/synth/design_1_processing_system7_0_0.v:60]
Finished RTL Elaboration : Time (s): cpu = 00:00:09 ; elapsed = 00:00:11 . Memory (MB): peak = 361.969 ; gain = 121.523
Finished RTL Optimization Phase 1 : Time (s): cpu = 00:00:10 ; elapsed = 00:00:11 . Memory (MB): peak = 361.969 ; gain = 121.523
INFO: [Device 21-403] Loading part xc7z010clg400-1
Constraint Validation Runtime : Time (s): cpu = 00:00:00 ; elapsed = 00:00:00.170 . Memory (MB): peak = 586.906 ; gain = 0.000
Finished Constraint Validation : Time (s): cpu = 00:00:29 ; elapsed = 00:00:34 . Memory (MB): peak = 586.906 ; gain = 346.461
Finished Loading Part and Timing Information : Time (s): cpu = 00:00:29 ; elapsed = 00:00:34 . Memory (MB): peak = 586.906 ; gain = 346.461
Finished applying 'set_property' XDC Constraints : Time (s): cpu = 00:00:30 ; elapsed = 00:00:35 . Memory (MB): peak = 586.906 ; gain = 346.461
Finished RTL Optimization Phase 2 : Time (s): cpu = 00:00:31 ; elapsed = 00:00:36 . Memory (MB): peak = 586.906 ; gain = 346.461
Finished Cross Boundary and Area Optimization : Time (s): cpu = 00:00:32 ; elapsed = 00:00:37 . Memory (MB): peak = 586.906 ; gain = 346.461
Finished Applying XDC Timing Constraints : Time (s): cpu = 00:00:52 ; elapsed = 00:00:59 . Memory (MB): peak = 796.656 ; gain = 556.211
Finished Timing Optimization : Time (s): cpu = 00:00:52 ; elapsed = 00:00:59 . Memory (MB): peak = 813.750 ; gain = 573.305
Finished Technology Mapping : Time (s): cpu = 00:00:54 ; elapsed = 00:01:01 . Memory (MB): peak = 815.816 ; gain = 575.371
Finished IO Insertion : Time (s): cpu = 00:00:56 ; elapsed = 00:01:03 . Memory (MB): peak = 815.816 ; gain = 575.371
Finished Renaming Generated Instances : Time (s): cpu = 00:00:56 ; elapsed = 00:01:03 . Memory (MB): peak = 815.816 ; gain = 575.371
Finished Rebuilding User Hierarchy : Time (s): cpu = 00:00:56 ; elapsed = 00:01:03 . Memory (MB): peak = 815.816 ; gain = 575.371
Finished Renaming Generated Ports : Time (s): cpu = 00:00:56 ; elapsed = 00:01:03 . Memory (MB): peak = 815.816 ; gain = 575.371
Finished Handling Custom Attributes : Time (s): cpu = 00:00:56 ; elapsed = 00:01:03 . Memory (MB): peak = 815.816 ; gain = 575.371
Finished Renaming Generated Nets : Time (s): cpu = 00:00:56 ; elapsed = 00:01:03 . Memory (MB): peak = 815.816 ; gain = 575.371

Report Cell Usage: 
+------+------+------+
|      |Cell  |Count |
+------+------+------+
|1     |BIBUF |   130|
|2     |BUFG  |     1|
|3     |LUT1  |   112|
|4     |PS7   |     1|
+------+------+------+
Finished Writing Synthesis Report : Time (s): cpu = 00:00:56 ; elapsed = 00:01:03 . Memory (MB): peak = 815.816 ; gain = 575.371
synth_design: Time (s): cpu = 00:01:00 ; elapsed = 00:01:07 . Memory (MB): peak = 829.344 ; gain = 593.594
